05-Jun-2025 09:27:09.724 INFO [main] org.apache.catalina.startup.VersionLoggerListener.log Server version name:   Apache Tomcat/10.1.41
05-Jun-2025 09:27:09.772 INFO [main] org.apache.catalina.startup.VersionLoggerListener.log Server built:          May 8 2025 12:44:02 UTC
05-Jun-2025 09:27:09.772 INFO [main] org.apache.catalina.startup.VersionLoggerListener.log Server version number: 10.1.41.0
05-Jun-2025 09:27:09.772 INFO [main] org.apache.catalina.startup.VersionLoggerListener.log OS Name:               Windows 10
05-Jun-2025 09:27:09.772 INFO [main] org.apache.catalina.startup.VersionLoggerListener.log OS Version:            10.0
05-Jun-2025 09:27:09.772 INFO [main] org.apache.catalina.startup.VersionLoggerListener.log Architecture:          amd64
05-Jun-2025 09:27:09.772 INFO [main] org.apache.catalina.startup.VersionLoggerListener.log Java Home:             C:\Program Files\Java\jdk-17
05-Jun-2025 09:27:09.772 INFO [main] org.apache.catalina.startup.VersionLoggerListener.log JVM Version:           17.0.12+8-LTS-286
05-Jun-2025 09:27:09.772 INFO [main] org.apache.catalina.startup.VersionLoggerListener.log JVM Vendor:            Oracle Corporation
05-Jun-2025 09:27:09.772 INFO [main] org.apache.catalina.startup.VersionLoggerListener.log CATALINA_BASE:         C:\Github\JSP\apache-tomcat-10.1.41
05-Jun-2025 09:27:09.772 INFO [main] org.apache.catalina.startup.VersionLoggerListener.log CATALINA_HOME:         C:\Github\JSP\apache-tomcat-10.1.41
05-Jun-2025 09:27:09.805 INFO [main] org.apache.catalina.startup.VersionLoggerListener.log Command line argument: -Djava.util.logging.config.file=C:\Github\JSP\apache-tomcat-10.1.41\conf\logging.properties
05-Jun-2025 09:27:09.805 INFO [main] org.apache.catalina.startup.VersionLoggerListener.log Command line argument: -Djava.util.logging.manager=org.apache.juli.ClassLoaderLogManager
05-Jun-2025 09:27:09.805 INFO [main] org.apache.catalina.startup.VersionLoggerListener.log Command line argument: -Djdk.tls.ephemeralDHKeySize=2048
05-Jun-2025 09:27:09.805 INFO [main] org.apache.catalina.startup.VersionLoggerListener.log Command line argument: -Djava.protocol.handler.pkgs=org.apache.catalina.webresources
05-Jun-2025 09:27:09.805 INFO [main] org.apache.catalina.startup.VersionLoggerListener.log Command line argument: -Dsun.io.useCanonCaches=false
05-Jun-2025 09:27:09.805 INFO [main] org.apache.catalina.startup.VersionLoggerListener.log Command line argument: --add-opens=java.base/java.lang=ALL-UNNAMED
05-Jun-2025 09:27:09.805 INFO [main] org.apache.catalina.startup.VersionLoggerListener.log Command line argument: --add-opens=java.base/java.lang.reflect=ALL-UNNAMED
05-Jun-2025 09:27:09.805 INFO [main] org.apache.catalina.startup.VersionLoggerListener.log Command line argument: --add-opens=java.base/java.io=ALL-UNNAMED
05-Jun-2025 09:27:09.805 INFO [main] org.apache.catalina.startup.VersionLoggerListener.log Command line argument: --add-opens=java.base/java.util=ALL-UNNAMED
05-Jun-2025 09:27:09.805 INFO [main] org.apache.catalina.startup.VersionLoggerListener.log Command line argument: --add-opens=java.base/java.util.concurrent=ALL-UNNAMED
05-Jun-2025 09:27:09.805 INFO [main] org.apache.catalina.startup.VersionLoggerListener.log Command line argument: --add-opens=java.rmi/sun.rmi.transport=ALL-UNNAMED
05-Jun-2025 09:27:09.805 INFO [main] org.apache.catalina.startup.VersionLoggerListener.log Command line argument: -Dcatalina.base=C:\Github\JSP\apache-tomcat-10.1.41
05-Jun-2025 09:27:09.805 INFO [main] org.apache.catalina.startup.VersionLoggerListener.log Command line argument: -Dcatalina.home=C:\Github\JSP\apache-tomcat-10.1.41
05-Jun-2025 09:27:09.805 INFO [main] org.apache.catalina.startup.VersionLoggerListener.log Command line argument: -Djava.io.tmpdir=C:\Github\JSP\apache-tomcat-10.1.41\temp
05-Jun-2025 09:27:10.482 INFO [main] org.apache.catalina.core.AprLifecycleListener.lifecycleEvent Loaded Apache Tomcat Native library [2.0.8] using APR version [1.7.4].
05-Jun-2025 09:27:10.498 INFO [main] org.apache.catalina.core.AprLifecycleListener.initializeSSL OpenSSL successfully initialized [OpenSSL 3.0.14 4 Jun 2024]
05-Jun-2025 09:27:11.833 INFO [main] org.apache.coyote.AbstractProtocol.init Initializing ProtocolHandler ["http-nio-8080"]
05-Jun-2025 09:27:12.057 INFO [main] org.apache.catalina.startup.Catalina.load Server initialization in [3528] milliseconds
05-Jun-2025 09:27:12.159 INFO [main] org.apache.catalina.core.StandardService.startInternal Starting service [Catalina]
05-Jun-2025 09:27:12.167 INFO [main] org.apache.catalina.core.StandardEngine.startInternal Starting Servlet engine: [Apache Tomcat/10.1.41]
05-Jun-2025 09:27:12.189 INFO [main] org.apache.catalina.startup.HostConfig.deployDescriptor Deploying deployment descriptor [C:\Github\JSP\apache-tomcat-10.1.41\conf\Catalina\localhost\ROOT.xml]
05-Jun-2025 09:27:12.232 WARNING [main] org.apache.catalina.core.StandardContext.setPath A context path must either be an empty string or start with a '/' and do not end with a '/'. The path [/] does not meet these criteria and has been changed to []
05-Jun-2025 09:27:12.234 WARNING [main] org.apache.catalina.startup.HostConfig.deployDescriptor The path attribute with value [] in deployment descriptor [C:\Github\JSP\apache-tomcat-10.1.41\conf\Catalina\localhost\ROOT.xml] has been ignored
05-Jun-2025 09:27:13.439 INFO [main] org.apache.catalina.startup.HostConfig.deployDescriptor Deployment of deployment descriptor [C:\Github\JSP\apache-tomcat-10.1.41\conf\Catalina\localhost\ROOT.xml] has finished in [1,250] ms
05-Jun-2025 09:27:13.444 INFO [main] org.apache.catalina.startup.HostConfig.deployDirectory Deploying web application directory [C:\Github\JSP\apache-tomcat-10.1.41\webapps\docs]
05-Jun-2025 09:27:13.548 INFO [main] org.apache.catalina.startup.HostConfig.deployDirectory Deployment of web application directory [C:\Github\JSP\apache-tomcat-10.1.41\webapps\docs] has finished in [104] ms
05-Jun-2025 09:27:13.548 INFO [main] org.apache.catalina.startup.HostConfig.deployDirectory Deploying web application directory [C:\Github\JSP\apache-tomcat-10.1.41\webapps\examples]
05-Jun-2025 09:27:15.989 INFO [main] org.apache.catalina.startup.HostConfig.deployDirectory Deployment of web application directory [C:\Github\JSP\apache-tomcat-10.1.41\webapps\examples] has finished in [2,441] ms
05-Jun-2025 09:27:15.991 INFO [main] org.apache.catalina.startup.HostConfig.deployDirectory Deploying web application directory [C:\Github\JSP\apache-tomcat-10.1.41\webapps\host-manager]
05-Jun-2025 09:27:16.083 INFO [main] org.apache.catalina.startup.HostConfig.deployDirectory Deployment of web application directory [C:\Github\JSP\apache-tomcat-10.1.41\webapps\host-manager] has finished in [92] ms
05-Jun-2025 09:27:16.084 INFO [main] org.apache.catalina.startup.HostConfig.deployDirectory Deploying web application directory [C:\Github\JSP\apache-tomcat-10.1.41\webapps\manager]
05-Jun-2025 09:27:16.166 INFO [main] org.apache.catalina.startup.HostConfig.deployDirectory Deployment of web application directory [C:\Github\JSP\apache-tomcat-10.1.41\webapps\manager] has finished in [81] ms
05-Jun-2025 09:27:16.207 INFO [main] org.apache.coyote.AbstractProtocol.start Starting ProtocolHandler ["http-nio-8080"]
05-Jun-2025 09:27:16.538 INFO [main] org.apache.catalina.startup.Catalina.start Server startup in [4479] milliseconds
