06-Jun-2025 16:52:59.690 INFO [main] org.apache.catalina.startup.VersionLoggerListener.log Server version name:   Apache Tomcat/10.1.41
06-Jun-2025 16:52:59.717 INFO [main] org.apache.catalina.startup.VersionLoggerListener.log Server built:          May 8 2025 12:44:02 UTC
06-Jun-2025 16:52:59.761 INFO [main] org.apache.catalina.startup.VersionLoggerListener.log Server version number: 10.1.41.0
06-Jun-2025 16:52:59.761 INFO [main] org.apache.catalina.startup.VersionLoggerListener.log OS Name:               Windows 10
06-Jun-2025 16:52:59.761 INFO [main] org.apache.catalina.startup.VersionLoggerListener.log OS Version:            10.0
06-Jun-2025 16:52:59.761 INFO [main] org.apache.catalina.startup.VersionLoggerListener.log Architecture:          amd64
06-Jun-2025 16:52:59.761 INFO [main] org.apache.catalina.startup.VersionLoggerListener.log Java Home:             C:\Program Files\Java\jdk-17
06-Jun-2025 16:52:59.761 INFO [main] org.apache.catalina.startup.VersionLoggerListener.log JVM Version:           17.0.12+8-LTS-286
06-Jun-2025 16:52:59.761 INFO [main] org.apache.catalina.startup.VersionLoggerListener.log JVM Vendor:            Oracle Corporation
06-Jun-2025 16:52:59.761 INFO [main] org.apache.catalina.startup.VersionLoggerListener.log CATALINA_BASE:         C:\Github\JSP\apache-tomcat-10.1.41
06-Jun-2025 16:52:59.761 INFO [main] org.apache.catalina.startup.VersionLoggerListener.log CATALINA_HOME:         C:\Github\JSP\apache-tomcat-10.1.41
06-Jun-2025 16:52:59.807 INFO [main] org.apache.catalina.startup.VersionLoggerListener.log Command line argument: -Djava.util.logging.config.file=C:\Github\JSP\apache-tomcat-10.1.41\conf\logging.properties
06-Jun-2025 16:52:59.808 INFO [main] org.apache.catalina.startup.VersionLoggerListener.log Command line argument: -Djava.util.logging.manager=org.apache.juli.ClassLoaderLogManager
06-Jun-2025 16:52:59.809 INFO [main] org.apache.catalina.startup.VersionLoggerListener.log Command line argument: -Djdk.tls.ephemeralDHKeySize=2048
06-Jun-2025 16:52:59.809 INFO [main] org.apache.catalina.startup.VersionLoggerListener.log Command line argument: -Djava.protocol.handler.pkgs=org.apache.catalina.webresources
06-Jun-2025 16:52:59.809 INFO [main] org.apache.catalina.startup.VersionLoggerListener.log Command line argument: -Dsun.io.useCanonCaches=false
06-Jun-2025 16:52:59.809 INFO [main] org.apache.catalina.startup.VersionLoggerListener.log Command line argument: --add-opens=java.base/java.lang=ALL-UNNAMED
06-Jun-2025 16:52:59.811 INFO [main] org.apache.catalina.startup.VersionLoggerListener.log Command line argument: --add-opens=java.base/java.lang.reflect=ALL-UNNAMED
06-Jun-2025 16:52:59.812 INFO [main] org.apache.catalina.startup.VersionLoggerListener.log Command line argument: --add-opens=java.base/java.io=ALL-UNNAMED
06-Jun-2025 16:52:59.812 INFO [main] org.apache.catalina.startup.VersionLoggerListener.log Command line argument: --add-opens=java.base/java.util=ALL-UNNAMED
06-Jun-2025 16:52:59.812 INFO [main] org.apache.catalina.startup.VersionLoggerListener.log Command line argument: --add-opens=java.base/java.util.concurrent=ALL-UNNAMED
06-Jun-2025 16:52:59.812 INFO [main] org.apache.catalina.startup.VersionLoggerListener.log Command line argument: --add-opens=java.rmi/sun.rmi.transport=ALL-UNNAMED
06-Jun-2025 16:52:59.812 INFO [main] org.apache.catalina.startup.VersionLoggerListener.log Command line argument: -Dcatalina.base=C:\Github\JSP\apache-tomcat-10.1.41
06-Jun-2025 16:52:59.813 INFO [main] org.apache.catalina.startup.VersionLoggerListener.log Command line argument: -Dcatalina.home=C:\Github\JSP\apache-tomcat-10.1.41
06-Jun-2025 16:52:59.813 INFO [main] org.apache.catalina.startup.VersionLoggerListener.log Command line argument: -Djava.io.tmpdir=C:\Github\JSP\apache-tomcat-10.1.41\temp
06-Jun-2025 16:53:00.288 INFO [main] org.apache.catalina.core.AprLifecycleListener.lifecycleEvent Loaded Apache Tomcat Native library [2.0.8] using APR version [1.7.4].
06-Jun-2025 16:53:00.303 INFO [main] org.apache.catalina.core.AprLifecycleListener.initializeSSL OpenSSL successfully initialized [OpenSSL 3.0.14 4 Jun 2024]
06-Jun-2025 16:53:01.491 INFO [main] org.apache.coyote.AbstractProtocol.init Initializing ProtocolHandler ["http-nio-8080"]
06-Jun-2025 16:53:01.574 INFO [main] org.apache.catalina.startup.Catalina.load Server initialization in [3415] milliseconds
06-Jun-2025 16:53:01.818 INFO [main] org.apache.catalina.core.StandardService.startInternal Starting service [Catalina]
06-Jun-2025 16:53:01.818 INFO [main] org.apache.catalina.core.StandardEngine.startInternal Starting Servlet engine: [Apache Tomcat/10.1.41]
06-Jun-2025 16:53:01.836 INFO [main] org.apache.catalina.startup.HostConfig.deployDescriptor Deploying deployment descriptor [C:\Github\JSP\apache-tomcat-10.1.41\conf\Catalina\localhost\ROOT.xml]
06-Jun-2025 16:53:01.860 WARNING [main] org.apache.catalina.core.StandardContext.setPath A context path must either be an empty string or start with a '/' and do not end with a '/'. The path [/] does not meet these criteria and has been changed to []
06-Jun-2025 16:53:01.862 WARNING [main] org.apache.catalina.startup.HostConfig.deployDescriptor The path attribute with value [] in deployment descriptor [C:\Github\JSP\apache-tomcat-10.1.41\conf\Catalina\localhost\ROOT.xml] has been ignored
06-Jun-2025 16:53:03.725 WARNING [main] org.apache.catalina.util.SessionIdGeneratorBase.createSecureRandom Creation of SecureRandom instance for session ID generation using [SHA1PRNG] took [242] milliseconds.
06-Jun-2025 16:53:03.932 INFO [main] org.apache.catalina.startup.HostConfig.deployDescriptor Deployment of deployment descriptor [C:\Github\JSP\apache-tomcat-10.1.41\conf\Catalina\localhost\ROOT.xml] has finished in [2,096] ms
06-Jun-2025 16:53:03.932 INFO [main] org.apache.catalina.startup.HostConfig.deployDirectory Deploying web application directory [C:\Github\JSP\apache-tomcat-10.1.41\webapps\docs]
06-Jun-2025 16:53:04.557 INFO [main] org.apache.catalina.startup.HostConfig.deployDirectory Deployment of web application directory [C:\Github\JSP\apache-tomcat-10.1.41\webapps\docs] has finished in [625] ms
06-Jun-2025 16:53:04.557 INFO [main] org.apache.catalina.startup.HostConfig.deployDirectory Deploying web application directory [C:\Github\JSP\apache-tomcat-10.1.41\webapps\examples]
06-Jun-2025 16:53:06.819 INFO [main] org.apache.catalina.startup.HostConfig.deployDirectory Deployment of web application directory [C:\Github\JSP\apache-tomcat-10.1.41\webapps\examples] has finished in [2,262] ms
06-Jun-2025 16:53:06.820 INFO [main] org.apache.catalina.startup.HostConfig.deployDirectory Deploying web application directory [C:\Github\JSP\apache-tomcat-10.1.41\webapps\host-manager]
06-Jun-2025 16:53:06.908 INFO [main] org.apache.catalina.startup.HostConfig.deployDirectory Deployment of web application directory [C:\Github\JSP\apache-tomcat-10.1.41\webapps\host-manager] has finished in [87] ms
06-Jun-2025 16:53:06.910 INFO [main] org.apache.catalina.startup.HostConfig.deployDirectory Deploying web application directory [C:\Github\JSP\apache-tomcat-10.1.41\webapps\manager]
06-Jun-2025 16:53:06.981 INFO [main] org.apache.catalina.startup.HostConfig.deployDirectory Deployment of web application directory [C:\Github\JSP\apache-tomcat-10.1.41\webapps\manager] has finished in [71] ms
06-Jun-2025 16:53:06.981 INFO [main] org.apache.coyote.AbstractProtocol.start Starting ProtocolHandler ["http-nio-8080"]
06-Jun-2025 16:53:07.126 INFO [main] org.apache.catalina.startup.Catalina.start Server startup in [5551] milliseconds
06-Jun-2025 16:53:19.651 INFO [main] org.apache.catalina.core.StandardServer.await A valid shutdown command was received via the shutdown port. Stopping the Server instance.
06-Jun-2025 16:53:19.652 INFO [main] org.apache.coyote.AbstractProtocol.pause Pausing ProtocolHandler ["http-nio-8080"]
06-Jun-2025 16:53:20.026 INFO [main] org.apache.catalina.core.StandardService.stopInternal Stopping service [Catalina]
06-Jun-2025 16:53:20.099 INFO [main] org.apache.coyote.AbstractProtocol.stop Stopping ProtocolHandler ["http-nio-8080"]
06-Jun-2025 16:53:20.108 INFO [main] org.apache.coyote.AbstractProtocol.destroy Destroying ProtocolHandler ["http-nio-8080"]
06-Jun-2025 16:53:59.435 INFO [main] org.apache.catalina.startup.VersionLoggerListener.log Server version name:   Apache Tomcat/10.1.41
06-Jun-2025 16:53:59.447 INFO [main] org.apache.catalina.startup.VersionLoggerListener.log Server built:          May 8 2025 12:44:02 UTC
06-Jun-2025 16:53:59.449 INFO [main] org.apache.catalina.startup.VersionLoggerListener.log Server version number: 10.1.41.0
06-Jun-2025 16:53:59.449 INFO [main] org.apache.catalina.startup.VersionLoggerListener.log OS Name:               Windows 10
06-Jun-2025 16:53:59.449 INFO [main] org.apache.catalina.startup.VersionLoggerListener.log OS Version:            10.0
06-Jun-2025 16:53:59.450 INFO [main] org.apache.catalina.startup.VersionLoggerListener.log Architecture:          amd64
06-Jun-2025 16:53:59.450 INFO [main] org.apache.catalina.startup.VersionLoggerListener.log Java Home:             C:\Program Files\Java\jdk-17
06-Jun-2025 16:53:59.450 INFO [main] org.apache.catalina.startup.VersionLoggerListener.log JVM Version:           17.0.12+8-LTS-286
06-Jun-2025 16:53:59.450 INFO [main] org.apache.catalina.startup.VersionLoggerListener.log JVM Vendor:            Oracle Corporation
06-Jun-2025 16:53:59.450 INFO [main] org.apache.catalina.startup.VersionLoggerListener.log CATALINA_BASE:         C:\Github\JSP\apache-tomcat-10.1.41
06-Jun-2025 16:53:59.450 INFO [main] org.apache.catalina.startup.VersionLoggerListener.log CATALINA_HOME:         C:\Github\JSP\apache-tomcat-10.1.41
06-Jun-2025 16:53:59.483 INFO [main] org.apache.catalina.startup.VersionLoggerListener.log Command line argument: -Djava.util.logging.config.file=C:\Github\JSP\apache-tomcat-10.1.41\conf\logging.properties
06-Jun-2025 16:53:59.483 INFO [main] org.apache.catalina.startup.VersionLoggerListener.log Command line argument: -Djava.util.logging.manager=org.apache.juli.ClassLoaderLogManager
06-Jun-2025 16:53:59.485 INFO [main] org.apache.catalina.startup.VersionLoggerListener.log Command line argument: -Djdk.tls.ephemeralDHKeySize=2048
06-Jun-2025 16:53:59.485 INFO [main] org.apache.catalina.startup.VersionLoggerListener.log Command line argument: -Djava.protocol.handler.pkgs=org.apache.catalina.webresources
06-Jun-2025 16:53:59.485 INFO [main] org.apache.catalina.startup.VersionLoggerListener.log Command line argument: -Dsun.io.useCanonCaches=false
06-Jun-2025 16:53:59.485 INFO [main] org.apache.catalina.startup.VersionLoggerListener.log Command line argument: --add-opens=java.base/java.lang=ALL-UNNAMED
06-Jun-2025 16:53:59.485 INFO [main] org.apache.catalina.startup.VersionLoggerListener.log Command line argument: --add-opens=java.base/java.lang.reflect=ALL-UNNAMED
06-Jun-2025 16:53:59.485 INFO [main] org.apache.catalina.startup.VersionLoggerListener.log Command line argument: --add-opens=java.base/java.io=ALL-UNNAMED
06-Jun-2025 16:53:59.486 INFO [main] org.apache.catalina.startup.VersionLoggerListener.log Command line argument: --add-opens=java.base/java.util=ALL-UNNAMED
06-Jun-2025 16:53:59.486 INFO [main] org.apache.catalina.startup.VersionLoggerListener.log Command line argument: --add-opens=java.base/java.util.concurrent=ALL-UNNAMED
06-Jun-2025 16:53:59.486 INFO [main] org.apache.catalina.startup.VersionLoggerListener.log Command line argument: --add-opens=java.rmi/sun.rmi.transport=ALL-UNNAMED
06-Jun-2025 16:53:59.486 INFO [main] org.apache.catalina.startup.VersionLoggerListener.log Command line argument: -Dcatalina.base=C:\Github\JSP\apache-tomcat-10.1.41
06-Jun-2025 16:53:59.486 INFO [main] org.apache.catalina.startup.VersionLoggerListener.log Command line argument: -Dcatalina.home=C:\Github\JSP\apache-tomcat-10.1.41
06-Jun-2025 16:53:59.487 INFO [main] org.apache.catalina.startup.VersionLoggerListener.log Command line argument: -Djava.io.tmpdir=C:\Github\JSP\apache-tomcat-10.1.41\temp
06-Jun-2025 16:53:59.492 INFO [main] org.apache.catalina.core.AprLifecycleListener.lifecycleEvent Loaded Apache Tomcat Native library [2.0.8] using APR version [1.7.4].
06-Jun-2025 16:53:59.492 INFO [main] org.apache.catalina.core.AprLifecycleListener.initializeSSL OpenSSL successfully initialized [OpenSSL 3.0.14 4 Jun 2024]
06-Jun-2025 16:54:01.202 INFO [main] org.apache.coyote.AbstractProtocol.init Initializing ProtocolHandler ["http-nio-8080"]
06-Jun-2025 16:54:01.263 INFO [main] org.apache.catalina.startup.Catalina.load Server initialization in [3113] milliseconds
06-Jun-2025 16:54:01.420 INFO [main] org.apache.catalina.core.StandardService.startInternal Starting service [Catalina]
06-Jun-2025 16:54:01.421 INFO [main] org.apache.catalina.core.StandardEngine.startInternal Starting Servlet engine: [Apache Tomcat/10.1.41]
06-Jun-2025 16:54:01.507 INFO [main] org.apache.catalina.startup.HostConfig.deployDescriptor Deploying deployment descriptor [C:\Github\JSP\apache-tomcat-10.1.41\conf\Catalina\localhost\ROOT.xml]
06-Jun-2025 16:54:01.640 WARNING [main] org.apache.catalina.core.StandardContext.setPath A context path must either be an empty string or start with a '/' and do not end with a '/'. The path [/] does not meet these criteria and has been changed to []
06-Jun-2025 16:54:01.640 WARNING [main] org.apache.catalina.startup.HostConfig.deployDescriptor The path attribute with value [] in deployment descriptor [C:\Github\JSP\apache-tomcat-10.1.41\conf\Catalina\localhost\ROOT.xml] has been ignored
06-Jun-2025 16:54:02.566 INFO [main] org.apache.catalina.startup.HostConfig.deployDescriptor Deployment of deployment descriptor [C:\Github\JSP\apache-tomcat-10.1.41\conf\Catalina\localhost\ROOT.xml] has finished in [1,057] ms
06-Jun-2025 16:54:02.567 INFO [main] org.apache.catalina.startup.HostConfig.deployDirectory Deploying web application directory [C:\Github\JSP\apache-tomcat-10.1.41\webapps\docs]
06-Jun-2025 16:54:02.718 INFO [main] org.apache.catalina.startup.HostConfig.deployDirectory Deployment of web application directory [C:\Github\JSP\apache-tomcat-10.1.41\webapps\docs] has finished in [150] ms
06-Jun-2025 16:54:02.719 INFO [main] org.apache.catalina.startup.HostConfig.deployDirectory Deploying web application directory [C:\Github\JSP\apache-tomcat-10.1.41\webapps\examples]
06-Jun-2025 16:54:04.117 INFO [main] org.apache.catalina.startup.HostConfig.deployDirectory Deployment of web application directory [C:\Github\JSP\apache-tomcat-10.1.41\webapps\examples] has finished in [1,398] ms
06-Jun-2025 16:54:04.117 INFO [main] org.apache.catalina.startup.HostConfig.deployDirectory Deploying web application directory [C:\Github\JSP\apache-tomcat-10.1.41\webapps\host-manager]
06-Jun-2025 16:54:04.477 INFO [main] org.apache.catalina.startup.HostConfig.deployDirectory Deployment of web application directory [C:\Github\JSP\apache-tomcat-10.1.41\webapps\host-manager] has finished in [360] ms
06-Jun-2025 16:54:04.477 INFO [main] org.apache.catalina.startup.HostConfig.deployDirectory Deploying web application directory [C:\Github\JSP\apache-tomcat-10.1.41\webapps\manager]
06-Jun-2025 16:54:04.915 INFO [main] org.apache.catalina.startup.HostConfig.deployDirectory Deployment of web application directory [C:\Github\JSP\apache-tomcat-10.1.41\webapps\manager] has finished in [438] ms
06-Jun-2025 16:54:04.942 INFO [main] org.apache.coyote.AbstractProtocol.start Starting ProtocolHandler ["http-nio-8080"]
06-Jun-2025 16:54:05.742 INFO [main] org.apache.catalina.startup.Catalina.start Server startup in [4478] milliseconds
06-Jun-2025 17:09:58.320 INFO [main] org.apache.catalina.core.StandardServer.await A valid shutdown command was received via the shutdown port. Stopping the Server instance.
06-Jun-2025 17:09:58.320 INFO [main] org.apache.coyote.AbstractProtocol.pause Pausing ProtocolHandler ["http-nio-8080"]
06-Jun-2025 17:09:58.585 INFO [main] org.apache.catalina.core.StandardService.stopInternal Stopping service [Catalina]
06-Jun-2025 17:09:58.645 INFO [main] org.apache.coyote.AbstractProtocol.stop Stopping ProtocolHandler ["http-nio-8080"]
06-Jun-2025 17:09:58.662 INFO [main] org.apache.coyote.AbstractProtocol.destroy Destroying ProtocolHandler ["http-nio-8080"]
