15-Jun-2025 00:46:25.474 INFO [main] org.apache.catalina.core.ApplicationContext.log SessionListener: contextDestroyed()
15-Jun-2025 00:46:25.475 INFO [main] org.apache.catalina.core.ApplicationContext.log ContextListener: contextDestroyed()
15-Jun-2025 09:57:13.435 INFO [main] org.apache.catalina.core.ApplicationContext.log ContextListener: contextInitialized()
15-Jun-2025 09:57:13.435 INFO [main] org.apache.catalina.core.ApplicationContext.log SessionListener: contextInitialized()
15-Jun-2025 09:57:13.441 INFO [main] org.apache.catalina.core.ApplicationContext.log ContextListener: attributeAdded('StockTicker', 'async.Stockticker@2c9a6717')
15-Jun-2025 10:50:36.676 INFO [main] org.apache.catalina.core.ApplicationContext.log SessionListener: contextDestroyed()
15-Jun-2025 10:50:36.676 INFO [main] org.apache.catalina.core.ApplicationContext.log ContextListener: contextDestroyed()
15-Jun-2025 11:54:52.319 INFO [main] org.apache.catalina.core.ApplicationContext.log ContextListener: contextInitialized()
15-Jun-2025 11:54:52.320 INFO [main] org.apache.catalina.core.ApplicationContext.log SessionListener: contextInitialized()
15-Jun-2025 11:54:52.325 INFO [main] org.apache.catalina.core.ApplicationContext.log ContextListener: attributeAdded('StockTicker', 'async.Stockticker@2577a95d')
15-Jun-2025 12:37:04.197 INFO [main] org.apache.catalina.core.ApplicationContext.log SessionListener: contextDestroyed()
15-Jun-2025 12:37:04.197 INFO [main] org.apache.catalina.core.ApplicationContext.log ContextListener: contextDestroyed()
15-Jun-2025 12:44:30.802 INFO [main] org.apache.catalina.core.ApplicationContext.log ContextListener: contextInitialized()
15-Jun-2025 12:44:30.803 INFO [main] org.apache.catalina.core.ApplicationContext.log SessionListener: contextInitialized()
15-Jun-2025 12:44:30.807 INFO [main] org.apache.catalina.core.ApplicationContext.log ContextListener: attributeAdded('StockTicker', 'async.Stockticker@2c7db926')
15-Jun-2025 13:21:54.088 INFO [main] org.apache.catalina.core.ApplicationContext.log SessionListener: contextDestroyed()
15-Jun-2025 13:21:54.088 INFO [main] org.apache.catalina.core.ApplicationContext.log ContextListener: contextDestroyed()
15-Jun-2025 14:56:57.884 INFO [main] org.apache.catalina.core.ApplicationContext.log ContextListener: contextInitialized()
15-Jun-2025 14:56:57.885 INFO [main] org.apache.catalina.core.ApplicationContext.log SessionListener: contextInitialized()
15-Jun-2025 14:56:57.887 INFO [main] org.apache.catalina.core.ApplicationContext.log ContextListener: attributeAdded('StockTicker', 'async.Stockticker@675d8c96')
15-Jun-2025 17:04:04.157 INFO [main] org.apache.catalina.core.ApplicationContext.log SessionListener: contextDestroyed()
15-Jun-2025 17:04:04.157 INFO [main] org.apache.catalina.core.ApplicationContext.log ContextListener: contextDestroyed()
15-Jun-2025 17:31:22.160 INFO [main] org.apache.catalina.core.ApplicationContext.log ContextListener: contextInitialized()
15-Jun-2025 17:31:22.160 INFO [main] org.apache.catalina.core.ApplicationContext.log SessionListener: contextInitialized()
15-Jun-2025 17:31:22.162 INFO [main] org.apache.catalina.core.ApplicationContext.log ContextListener: attributeAdded('StockTicker', 'async.Stockticker@2dd8ff1d')
15-Jun-2025 18:53:20.216 SEVERE [http-nio-8080-exec-22] org.apache.catalina.core.StandardWrapperValve.invoke Servlet.service() for servlet [jsp] in context with path [] threw exception [Unable to compile class for JSP: 

An error occurred at line: [1] in the jsp file: [/deletestudent.jsp]
useBean cannot be resolved to a variable
1: <%jsp:useBean class="model.Employee" id="e"  %>
2: <%@page import="dao.EmployeeDao" %>
3: 
4: <%


An error occurred at line: [1] in the jsp file: [/deletestudent.jsp]
Syntax error on token "class", delete this token
1: <%jsp:useBean class="model.Employee" id="e"  %>
2: <%@page import="dao.EmployeeDao" %>
3: 
4: <%


An error occurred at line: [1] in the jsp file: [/deletestudent.jsp]
Syntax error, insert ";" to complete Statement
1: <%jsp:useBean class="model.Employee" id="e"  %>
2: <%@page import="dao.EmployeeDao" %>
3: 
4: <%


An error occurred at line: [1] in the jsp file: [/deletestudent.jsp]
id cannot be resolved to a variable
1: <%jsp:useBean class="model.Employee" id="e"  %>
2: <%@page import="dao.EmployeeDao" %>
3: 
4: <%


An error occurred at line: [1] in the jsp file: [/deletestudent.jsp]
Syntax error, insert ";" to complete Statement
1: <%jsp:useBean class="model.Employee" id="e"  %>
2: <%@page import="dao.EmployeeDao" %>
3: 
4: <%


Stacktrace:] with root cause
	org.apache.jasper.JasperException: Unable to compile class for JSP: 

An error occurred at line: [1] in the jsp file: [/deletestudent.jsp]
useBean cannot be resolved to a variable
1: <%jsp:useBean class="model.Employee" id="e"  %>
2: <%@page import="dao.EmployeeDao" %>
3: 
4: <%


An error occurred at line: [1] in the jsp file: [/deletestudent.jsp]
Syntax error on token "class", delete this token
1: <%jsp:useBean class="model.Employee" id="e"  %>
2: <%@page import="dao.EmployeeDao" %>
3: 
4: <%


An error occurred at line: [1] in the jsp file: [/deletestudent.jsp]
Syntax error, insert ";" to complete Statement
1: <%jsp:useBean class="model.Employee" id="e"  %>
2: <%@page import="dao.EmployeeDao" %>
3: 
4: <%


An error occurred at line: [1] in the jsp file: [/deletestudent.jsp]
id cannot be resolved to a variable
1: <%jsp:useBean class="model.Employee" id="e"  %>
2: <%@page import="dao.EmployeeDao" %>
3: 
4: <%


An error occurred at line: [1] in the jsp file: [/deletestudent.jsp]
Syntax error, insert ";" to complete Statement
1: <%jsp:useBean class="model.Employee" id="e"  %>
2: <%@page import="dao.EmployeeDao" %>
3: 
4: <%


Stacktrace:
		at org.apache.jasper.compiler.DefaultErrorHandler.javacError(DefaultErrorHandler.java:72)
		at org.apache.jasper.compiler.ErrorDispatcher.javacError(ErrorDispatcher.java:192)
		at org.apache.jasper.compiler.JDTCompiler.generateClass(JDTCompiler.java:555)
		at org.apache.jasper.compiler.Compiler.compile(Compiler.java:374)
		at org.apache.jasper.compiler.Compiler.compile(Compiler.java:346)
		at org.apache.jasper.compiler.Compiler.compile(Compiler.java:332)
		at org.apache.jasper.JspCompilationContext.compile(JspCompilationContext.java:592)
		at org.apache.jasper.servlet.JspServletWrapper.service(JspServletWrapper.java:376)
		at org.apache.jasper.servlet.JspServlet.serviceJspFile(JspServlet.java:357)
		at org.apache.jasper.servlet.JspServlet.service(JspServlet.java:308)
		at jakarta.servlet.http.HttpServlet.service(HttpServlet.java:658)
		at org.apache.catalina.core.ApplicationFilterChain.internalDoFilter(ApplicationFilterChain.java:195)
		at org.apache.catalina.core.ApplicationFilterChain.doFilter(ApplicationFilterChain.java:140)
		at org.apache.tomcat.websocket.server.WsFilter.doFilter(WsFilter.java:51)
		at org.apache.catalina.core.ApplicationFilterChain.internalDoFilter(ApplicationFilterChain.java:164)
		at org.apache.catalina.core.ApplicationFilterChain.doFilter(ApplicationFilterChain.java:140)
		at org.apache.catalina.core.StandardWrapperValve.invoke(StandardWrapperValve.java:167)
		at org.apache.catalina.core.StandardContextValve.invoke(StandardContextValve.java:90)
		at org.apache.catalina.authenticator.AuthenticatorBase.invoke(AuthenticatorBase.java:483)
		at org.apache.catalina.core.StandardHostValve.invoke(StandardHostValve.java:116)
		at org.apache.catalina.valves.ErrorReportValve.invoke(ErrorReportValve.java:93)
		at org.apache.catalina.valves.AbstractAccessLogValve.invoke(AbstractAccessLogValve.java:666)
		at org.apache.catalina.core.StandardEngineValve.invoke(StandardEngineValve.java:74)
		at org.apache.catalina.connector.CoyoteAdapter.service(CoyoteAdapter.java:344)
		at org.apache.coyote.http11.Http11Processor.service(Http11Processor.java:398)
		at org.apache.coyote.AbstractProcessorLight.process(AbstractProcessorLight.java:63)
		at org.apache.coyote.AbstractProtocol$ConnectionHandler.process(AbstractProtocol.java:903)
		at org.apache.tomcat.util.net.NioEndpoint$SocketProcessor.doRun(NioEndpoint.java:1740)
		at org.apache.tomcat.util.net.SocketProcessorBase.run(SocketProcessorBase.java:52)
		at org.apache.tomcat.util.threads.ThreadPoolExecutor.runWorker(ThreadPoolExecutor.java:1189)
		at org.apache.tomcat.util.threads.ThreadPoolExecutor$Worker.run(ThreadPoolExecutor.java:658)
		at org.apache.tomcat.util.threads.TaskThread$WrappingRunnable.run(TaskThread.java:63)
		at java.base/java.lang.Thread.run(Thread.java:842)
15-Jun-2025 18:57:03.708 SEVERE [http-nio-8080-exec-18] org.apache.catalina.core.StandardWrapperValve.invoke Servlet.service() for servlet [jsp] in context with path [] threw exception [Unable to compile class for JSP: 

An error occurred at line: [1] in the jsp file: [/deletestudent.jsp]
useBean cannot be resolved to a variable
1: <%jsp:useBean class="model.Employee" id="e" />
2: <%@page import="dao.EmployeeDao" %>
3: <jsp:setProperty  name="e" property="*" />
4: 


An error occurred at line: [1] in the jsp file: [/deletestudent.jsp]
Syntax error on token "class", delete this token
1: <%jsp:useBean class="model.Employee" id="e" />
2: <%@page import="dao.EmployeeDao" %>
3: <jsp:setProperty  name="e" property="*" />
4: 


An error occurred at line: [1] in the jsp file: [/deletestudent.jsp]
Syntax error, insert ";" to complete Statement
1: <%jsp:useBean class="model.Employee" id="e" />
2: <%@page import="dao.EmployeeDao" %>
3: <jsp:setProperty  name="e" property="*" />
4: 


An error occurred at line: [1] in the jsp file: [/deletestudent.jsp]
id cannot be resolved to a variable
1: <%jsp:useBean class="model.Employee" id="e" />
2: <%@page import="dao.EmployeeDao" %>
3: <jsp:setProperty  name="e" property="*" />
4: 


An error occurred at line: [1] in the jsp file: [/deletestudent.jsp]
The operator / is undefined for the argument type(s) String, void
1: <%jsp:useBean class="model.Employee" id="e" />
2: <%@page import="dao.EmployeeDao" %>
3: <jsp:setProperty  name="e" property="*" />
4: 


An error occurred at line: [1] in the jsp file: [/deletestudent.jsp]
Syntax error on tokens, delete these tokens
1: <%jsp:useBean class="model.Employee" id="e" />
2: <%@page import="dao.EmployeeDao" %>
3: <jsp:setProperty  name="e" property="*" />
4: 


An error occurred at line: [6] in the jsp file: [/deletestudent.jsp]
EmployeeDao cannot be resolved
3: <jsp:setProperty  name="e" property="*" />
4: 
5: <%
6:     EmployeeDao.deleteEmployee(e.getId());
7:     response.sendRedirect("employeelist.jsp")
8: %>


An error occurred at line: [6] in the jsp file: [/deletestudent.jsp]
e cannot be resolved
3: <jsp:setProperty  name="e" property="*" />
4: 
5: <%
6:     EmployeeDao.deleteEmployee(e.getId());
7:     response.sendRedirect("employeelist.jsp")
8: %>


An error occurred at line: [7] in the jsp file: [/deletestudent.jsp]
Syntax error, insert ";" to complete Statement
4: 
5: <%
6:     EmployeeDao.deleteEmployee(e.getId());
7:     response.sendRedirect("employeelist.jsp")
8: %>


Stacktrace:] with root cause
	org.apache.jasper.JasperException: Unable to compile class for JSP: 

An error occurred at line: [1] in the jsp file: [/deletestudent.jsp]
useBean cannot be resolved to a variable
1: <%jsp:useBean class="model.Employee" id="e" />
2: <%@page import="dao.EmployeeDao" %>
3: <jsp:setProperty  name="e" property="*" />
4: 


An error occurred at line: [1] in the jsp file: [/deletestudent.jsp]
Syntax error on token "class", delete this token
1: <%jsp:useBean class="model.Employee" id="e" />
2: <%@page import="dao.EmployeeDao" %>
3: <jsp:setProperty  name="e" property="*" />
4: 


An error occurred at line: [1] in the jsp file: [/deletestudent.jsp]
Syntax error, insert ";" to complete Statement
1: <%jsp:useBean class="model.Employee" id="e" />
2: <%@page import="dao.EmployeeDao" %>
3: <jsp:setProperty  name="e" property="*" />
4: 


An error occurred at line: [1] in the jsp file: [/deletestudent.jsp]
id cannot be resolved to a variable
1: <%jsp:useBean class="model.Employee" id="e" />
2: <%@page import="dao.EmployeeDao" %>
3: <jsp:setProperty  name="e" property="*" />
4: 


An error occurred at line: [1] in the jsp file: [/deletestudent.jsp]
The operator / is undefined for the argument type(s) String, void
1: <%jsp:useBean class="model.Employee" id="e" />
2: <%@page import="dao.EmployeeDao" %>
3: <jsp:setProperty  name="e" property="*" />
4: 


An error occurred at line: [1] in the jsp file: [/deletestudent.jsp]
Syntax error on tokens, delete these tokens
1: <%jsp:useBean class="model.Employee" id="e" />
2: <%@page import="dao.EmployeeDao" %>
3: <jsp:setProperty  name="e" property="*" />
4: 


An error occurred at line: [6] in the jsp file: [/deletestudent.jsp]
EmployeeDao cannot be resolved
3: <jsp:setProperty  name="e" property="*" />
4: 
5: <%
6:     EmployeeDao.deleteEmployee(e.getId());
7:     response.sendRedirect("employeelist.jsp")
8: %>


An error occurred at line: [6] in the jsp file: [/deletestudent.jsp]
e cannot be resolved
3: <jsp:setProperty  name="e" property="*" />
4: 
5: <%
6:     EmployeeDao.deleteEmployee(e.getId());
7:     response.sendRedirect("employeelist.jsp")
8: %>


An error occurred at line: [7] in the jsp file: [/deletestudent.jsp]
Syntax error, insert ";" to complete Statement
4: 
5: <%
6:     EmployeeDao.deleteEmployee(e.getId());
7:     response.sendRedirect("employeelist.jsp")
8: %>


Stacktrace:
		at org.apache.jasper.compiler.DefaultErrorHandler.javacError(DefaultErrorHandler.java:72)
		at org.apache.jasper.compiler.ErrorDispatcher.javacError(ErrorDispatcher.java:192)
		at org.apache.jasper.compiler.JDTCompiler.generateClass(JDTCompiler.java:555)
		at org.apache.jasper.compiler.Compiler.compile(Compiler.java:374)
		at org.apache.jasper.compiler.Compiler.compile(Compiler.java:346)
		at org.apache.jasper.compiler.Compiler.compile(Compiler.java:332)
		at org.apache.jasper.JspCompilationContext.compile(JspCompilationContext.java:592)
		at org.apache.jasper.servlet.JspServletWrapper.service(JspServletWrapper.java:376)
		at org.apache.jasper.servlet.JspServlet.serviceJspFile(JspServlet.java:357)
		at org.apache.jasper.servlet.JspServlet.service(JspServlet.java:308)
		at jakarta.servlet.http.HttpServlet.service(HttpServlet.java:658)
		at org.apache.catalina.core.ApplicationFilterChain.internalDoFilter(ApplicationFilterChain.java:195)
		at org.apache.catalina.core.ApplicationFilterChain.doFilter(ApplicationFilterChain.java:140)
		at org.apache.tomcat.websocket.server.WsFilter.doFilter(WsFilter.java:51)
		at org.apache.catalina.core.ApplicationFilterChain.internalDoFilter(ApplicationFilterChain.java:164)
		at org.apache.catalina.core.ApplicationFilterChain.doFilter(ApplicationFilterChain.java:140)
		at org.apache.catalina.core.StandardWrapperValve.invoke(StandardWrapperValve.java:167)
		at org.apache.catalina.core.StandardContextValve.invoke(StandardContextValve.java:90)
		at org.apache.catalina.authenticator.AuthenticatorBase.invoke(AuthenticatorBase.java:483)
		at org.apache.catalina.core.StandardHostValve.invoke(StandardHostValve.java:116)
		at org.apache.catalina.valves.ErrorReportValve.invoke(ErrorReportValve.java:93)
		at org.apache.catalina.valves.AbstractAccessLogValve.invoke(AbstractAccessLogValve.java:666)
		at org.apache.catalina.core.StandardEngineValve.invoke(StandardEngineValve.java:74)
		at org.apache.catalina.connector.CoyoteAdapter.service(CoyoteAdapter.java:344)
		at org.apache.coyote.http11.Http11Processor.service(Http11Processor.java:398)
		at org.apache.coyote.AbstractProcessorLight.process(AbstractProcessorLight.java:63)
		at org.apache.coyote.AbstractProtocol$ConnectionHandler.process(AbstractProtocol.java:903)
		at org.apache.tomcat.util.net.NioEndpoint$SocketProcessor.doRun(NioEndpoint.java:1740)
		at org.apache.tomcat.util.net.SocketProcessorBase.run(SocketProcessorBase.java:52)
		at org.apache.tomcat.util.threads.ThreadPoolExecutor.runWorker(ThreadPoolExecutor.java:1189)
		at org.apache.tomcat.util.threads.ThreadPoolExecutor$Worker.run(ThreadPoolExecutor.java:658)
		at org.apache.tomcat.util.threads.TaskThread$WrappingRunnable.run(TaskThread.java:63)
		at java.base/java.lang.Thread.run(Thread.java:842)
15-Jun-2025 18:57:40.222 SEVERE [http-nio-8080-exec-16] org.apache.catalina.core.StandardWrapperValve.invoke Servlet.service() for servlet [jsp] in context with path [] threw exception [Unable to compile class for JSP: 

An error occurred at line: [6] in the jsp file: [/deletestudent.jsp]
e cannot be resolved
3: <jsp:setProperty  name="e" property="*" />
4: 
5: <%
6:     EmployeeDao.deleteEmployee(e.getId());
7:     response.sendRedirect("employeelist.jsp")
8: %>


An error occurred at line: [7] in the jsp file: [/deletestudent.jsp]
Syntax error, insert ";" to complete Statement
4: 
5: <%
6:     EmployeeDao.deleteEmployee(e.getId());
7:     response.sendRedirect("employeelist.jsp")
8: %>


Stacktrace:] with root cause
	org.apache.jasper.JasperException: Unable to compile class for JSP: 

An error occurred at line: [6] in the jsp file: [/deletestudent.jsp]
e cannot be resolved
3: <jsp:setProperty  name="e" property="*" />
4: 
5: <%
6:     EmployeeDao.deleteEmployee(e.getId());
7:     response.sendRedirect("employeelist.jsp")
8: %>


An error occurred at line: [7] in the jsp file: [/deletestudent.jsp]
Syntax error, insert ";" to complete Statement
4: 
5: <%
6:     EmployeeDao.deleteEmployee(e.getId());
7:     response.sendRedirect("employeelist.jsp")
8: %>


Stacktrace:
		at org.apache.jasper.compiler.DefaultErrorHandler.javacError(DefaultErrorHandler.java:72)
		at org.apache.jasper.compiler.ErrorDispatcher.javacError(ErrorDispatcher.java:192)
		at org.apache.jasper.compiler.JDTCompiler.generateClass(JDTCompiler.java:555)
		at org.apache.jasper.compiler.Compiler.compile(Compiler.java:374)
		at org.apache.jasper.compiler.Compiler.compile(Compiler.java:346)
		at org.apache.jasper.compiler.Compiler.compile(Compiler.java:332)
		at org.apache.jasper.JspCompilationContext.compile(JspCompilationContext.java:592)
		at org.apache.jasper.servlet.JspServletWrapper.service(JspServletWrapper.java:376)
		at org.apache.jasper.servlet.JspServlet.serviceJspFile(JspServlet.java:357)
		at org.apache.jasper.servlet.JspServlet.service(JspServlet.java:308)
		at jakarta.servlet.http.HttpServlet.service(HttpServlet.java:658)
		at org.apache.catalina.core.ApplicationFilterChain.internalDoFilter(ApplicationFilterChain.java:195)
		at org.apache.catalina.core.ApplicationFilterChain.doFilter(ApplicationFilterChain.java:140)
		at org.apache.tomcat.websocket.server.WsFilter.doFilter(WsFilter.java:51)
		at org.apache.catalina.core.ApplicationFilterChain.internalDoFilter(ApplicationFilterChain.java:164)
		at org.apache.catalina.core.ApplicationFilterChain.doFilter(ApplicationFilterChain.java:140)
		at org.apache.catalina.core.StandardWrapperValve.invoke(StandardWrapperValve.java:167)
		at org.apache.catalina.core.StandardContextValve.invoke(StandardContextValve.java:90)
		at org.apache.catalina.authenticator.AuthenticatorBase.invoke(AuthenticatorBase.java:483)
		at org.apache.catalina.core.StandardHostValve.invoke(StandardHostValve.java:116)
		at org.apache.catalina.valves.ErrorReportValve.invoke(ErrorReportValve.java:93)
		at org.apache.catalina.valves.AbstractAccessLogValve.invoke(AbstractAccessLogValve.java:666)
		at org.apache.catalina.core.StandardEngineValve.invoke(StandardEngineValve.java:74)
		at org.apache.catalina.connector.CoyoteAdapter.service(CoyoteAdapter.java:344)
		at org.apache.coyote.http11.Http11Processor.service(Http11Processor.java:398)
		at org.apache.coyote.AbstractProcessorLight.process(AbstractProcessorLight.java:63)
		at org.apache.coyote.AbstractProtocol$ConnectionHandler.process(AbstractProtocol.java:903)
		at org.apache.tomcat.util.net.NioEndpoint$SocketProcessor.doRun(NioEndpoint.java:1740)
		at org.apache.tomcat.util.net.SocketProcessorBase.run(SocketProcessorBase.java:52)
		at org.apache.tomcat.util.threads.ThreadPoolExecutor.runWorker(ThreadPoolExecutor.java:1189)
		at org.apache.tomcat.util.threads.ThreadPoolExecutor$Worker.run(ThreadPoolExecutor.java:658)
		at org.apache.tomcat.util.threads.TaskThread$WrappingRunnable.run(TaskThread.java:63)
		at java.base/java.lang.Thread.run(Thread.java:842)
15-Jun-2025 18:58:14.678 SEVERE [http-nio-8080-exec-19] org.apache.catalina.core.StandardWrapperValve.invoke Servlet.service() for servlet [jsp] in context with path [] threw exception [Unable to compile class for JSP: 

An error occurred at line: [6] in the jsp file: [/deletestudent.jsp]
e cannot be resolved
3: <jsp:setProperty  name="e" property="*" />
4: 
5: <%
6:     EmployeeDao.deleteEmployee(e.getId());
7:     
8:     response.sendRedirect("employeelist.jsp")
9: %>


An error occurred at line: [8] in the jsp file: [/deletestudent.jsp]
Syntax error, insert ";" to complete Statement
5: <%
6:     EmployeeDao.deleteEmployee(e.getId());
7:     
8:     response.sendRedirect("employeelist.jsp")
9: %>


Stacktrace:] with root cause
	org.apache.jasper.JasperException: Unable to compile class for JSP: 

An error occurred at line: [6] in the jsp file: [/deletestudent.jsp]
e cannot be resolved
3: <jsp:setProperty  name="e" property="*" />
4: 
5: <%
6:     EmployeeDao.deleteEmployee(e.getId());
7:     
8:     response.sendRedirect("employeelist.jsp")
9: %>


An error occurred at line: [8] in the jsp file: [/deletestudent.jsp]
Syntax error, insert ";" to complete Statement
5: <%
6:     EmployeeDao.deleteEmployee(e.getId());
7:     
8:     response.sendRedirect("employeelist.jsp")
9: %>


Stacktrace:
		at org.apache.jasper.compiler.DefaultErrorHandler.javacError(DefaultErrorHandler.java:72)
		at org.apache.jasper.compiler.ErrorDispatcher.javacError(ErrorDispatcher.java:192)
		at org.apache.jasper.compiler.JDTCompiler.generateClass(JDTCompiler.java:555)
		at org.apache.jasper.compiler.Compiler.compile(Compiler.java:374)
		at org.apache.jasper.compiler.Compiler.compile(Compiler.java:346)
		at org.apache.jasper.compiler.Compiler.compile(Compiler.java:332)
		at org.apache.jasper.JspCompilationContext.compile(JspCompilationContext.java:592)
		at org.apache.jasper.servlet.JspServletWrapper.service(JspServletWrapper.java:376)
		at org.apache.jasper.servlet.JspServlet.serviceJspFile(JspServlet.java:357)
		at org.apache.jasper.servlet.JspServlet.service(JspServlet.java:308)
		at jakarta.servlet.http.HttpServlet.service(HttpServlet.java:658)
		at org.apache.catalina.core.ApplicationFilterChain.internalDoFilter(ApplicationFilterChain.java:195)
		at org.apache.catalina.core.ApplicationFilterChain.doFilter(ApplicationFilterChain.java:140)
		at org.apache.tomcat.websocket.server.WsFilter.doFilter(WsFilter.java:51)
		at org.apache.catalina.core.ApplicationFilterChain.internalDoFilter(ApplicationFilterChain.java:164)
		at org.apache.catalina.core.ApplicationFilterChain.doFilter(ApplicationFilterChain.java:140)
		at org.apache.catalina.core.StandardWrapperValve.invoke(StandardWrapperValve.java:167)
		at org.apache.catalina.core.StandardContextValve.invoke(StandardContextValve.java:90)
		at org.apache.catalina.authenticator.AuthenticatorBase.invoke(AuthenticatorBase.java:483)
		at org.apache.catalina.core.StandardHostValve.invoke(StandardHostValve.java:116)
		at org.apache.catalina.valves.ErrorReportValve.invoke(ErrorReportValve.java:93)
		at org.apache.catalina.valves.AbstractAccessLogValve.invoke(AbstractAccessLogValve.java:666)
		at org.apache.catalina.core.StandardEngineValve.invoke(StandardEngineValve.java:74)
		at org.apache.catalina.connector.CoyoteAdapter.service(CoyoteAdapter.java:344)
		at org.apache.coyote.http11.Http11Processor.service(Http11Processor.java:398)
		at org.apache.coyote.AbstractProcessorLight.process(AbstractProcessorLight.java:63)
		at org.apache.coyote.AbstractProtocol$ConnectionHandler.process(AbstractProtocol.java:903)
		at org.apache.tomcat.util.net.NioEndpoint$SocketProcessor.doRun(NioEndpoint.java:1740)
		at org.apache.tomcat.util.net.SocketProcessorBase.run(SocketProcessorBase.java:52)
		at org.apache.tomcat.util.threads.ThreadPoolExecutor.runWorker(ThreadPoolExecutor.java:1189)
		at org.apache.tomcat.util.threads.ThreadPoolExecutor$Worker.run(ThreadPoolExecutor.java:658)
		at org.apache.tomcat.util.threads.TaskThread$WrappingRunnable.run(TaskThread.java:63)
		at java.base/java.lang.Thread.run(Thread.java:842)
15-Jun-2025 18:58:35.567 SEVERE [http-nio-8080-exec-13] org.apache.catalina.core.StandardWrapperValve.invoke Servlet.service() for servlet [jsp] in context with path [] threw exception [Unable to compile class for JSP: 

An error occurred at line: [8] in the jsp file: [/deletestudent.jsp]
Syntax error, insert ";" to complete Statement
5: <%
6:     EmployeeDao.deleteEmployee(e.getId());
7:     
8:     response.sendRedirect("employeelist.jsp")
9: %>


Stacktrace:] with root cause
	org.apache.jasper.JasperException: Unable to compile class for JSP: 

An error occurred at line: [8] in the jsp file: [/deletestudent.jsp]
Syntax error, insert ";" to complete Statement
5: <%
6:     EmployeeDao.deleteEmployee(e.getId());
7:     
8:     response.sendRedirect("employeelist.jsp")
9: %>


Stacktrace:
		at org.apache.jasper.compiler.DefaultErrorHandler.javacError(DefaultErrorHandler.java:72)
		at org.apache.jasper.compiler.ErrorDispatcher.javacError(ErrorDispatcher.java:192)
		at org.apache.jasper.compiler.JDTCompiler.generateClass(JDTCompiler.java:555)
		at org.apache.jasper.compiler.Compiler.compile(Compiler.java:374)
		at org.apache.jasper.compiler.Compiler.compile(Compiler.java:346)
		at org.apache.jasper.compiler.Compiler.compile(Compiler.java:332)
		at org.apache.jasper.JspCompilationContext.compile(JspCompilationContext.java:592)
		at org.apache.jasper.servlet.JspServletWrapper.service(JspServletWrapper.java:376)
		at org.apache.jasper.servlet.JspServlet.serviceJspFile(JspServlet.java:357)
		at org.apache.jasper.servlet.JspServlet.service(JspServlet.java:308)
		at jakarta.servlet.http.HttpServlet.service(HttpServlet.java:658)
		at org.apache.catalina.core.ApplicationFilterChain.internalDoFilter(ApplicationFilterChain.java:195)
		at org.apache.catalina.core.ApplicationFilterChain.doFilter(ApplicationFilterChain.java:140)
		at org.apache.tomcat.websocket.server.WsFilter.doFilter(WsFilter.java:51)
		at org.apache.catalina.core.ApplicationFilterChain.internalDoFilter(ApplicationFilterChain.java:164)
		at org.apache.catalina.core.ApplicationFilterChain.doFilter(ApplicationFilterChain.java:140)
		at org.apache.catalina.core.StandardWrapperValve.invoke(StandardWrapperValve.java:167)
		at org.apache.catalina.core.StandardContextValve.invoke(StandardContextValve.java:90)
		at org.apache.catalina.authenticator.AuthenticatorBase.invoke(AuthenticatorBase.java:483)
		at org.apache.catalina.core.StandardHostValve.invoke(StandardHostValve.java:116)
		at org.apache.catalina.valves.ErrorReportValve.invoke(ErrorReportValve.java:93)
		at org.apache.catalina.valves.AbstractAccessLogValve.invoke(AbstractAccessLogValve.java:666)
		at org.apache.catalina.core.StandardEngineValve.invoke(StandardEngineValve.java:74)
		at org.apache.catalina.connector.CoyoteAdapter.service(CoyoteAdapter.java:344)
		at org.apache.coyote.http11.Http11Processor.service(Http11Processor.java:398)
		at org.apache.coyote.AbstractProcessorLight.process(AbstractProcessorLight.java:63)
		at org.apache.coyote.AbstractProtocol$ConnectionHandler.process(AbstractProtocol.java:903)
		at org.apache.tomcat.util.net.NioEndpoint$SocketProcessor.doRun(NioEndpoint.java:1740)
		at org.apache.tomcat.util.net.SocketProcessorBase.run(SocketProcessorBase.java:52)
		at org.apache.tomcat.util.threads.ThreadPoolExecutor.runWorker(ThreadPoolExecutor.java:1189)
		at org.apache.tomcat.util.threads.ThreadPoolExecutor$Worker.run(ThreadPoolExecutor.java:658)
		at org.apache.tomcat.util.threads.TaskThread$WrappingRunnable.run(TaskThread.java:63)
		at java.base/java.lang.Thread.run(Thread.java:842)
15-Jun-2025 18:59:16.277 SEVERE [http-nio-8080-exec-21] org.apache.catalina.core.StandardWrapperValve.invoke Servlet.service() for servlet [jsp] in context with path [] threw exception [Unable to compile class for JSP: 

An error occurred at line: [8] in the jsp file: [/deletestudent.jsp]
Syntax error, insert ";" to complete Statement
5: <%
6:     EmployeeDao.deleteEmployee(e.getId());
7:     
8:     response.sendRedirect("employeelist.jsp")
9: %>


Stacktrace:] with root cause
	org.apache.jasper.JasperException: Unable to compile class for JSP: 

An error occurred at line: [8] in the jsp file: [/deletestudent.jsp]
Syntax error, insert ";" to complete Statement
5: <%
6:     EmployeeDao.deleteEmployee(e.getId());
7:     
8:     response.sendRedirect("employeelist.jsp")
9: %>


Stacktrace:
		at org.apache.jasper.compiler.DefaultErrorHandler.javacError(DefaultErrorHandler.java:72)
		at org.apache.jasper.compiler.ErrorDispatcher.javacError(ErrorDispatcher.java:192)
		at org.apache.jasper.compiler.JDTCompiler.generateClass(JDTCompiler.java:555)
		at org.apache.jasper.compiler.Compiler.compile(Compiler.java:374)
		at org.apache.jasper.compiler.Compiler.compile(Compiler.java:346)
		at org.apache.jasper.compiler.Compiler.compile(Compiler.java:332)
		at org.apache.jasper.JspCompilationContext.compile(JspCompilationContext.java:592)
		at org.apache.jasper.servlet.JspServletWrapper.service(JspServletWrapper.java:376)
		at org.apache.jasper.servlet.JspServlet.serviceJspFile(JspServlet.java:357)
		at org.apache.jasper.servlet.JspServlet.service(JspServlet.java:308)
		at jakarta.servlet.http.HttpServlet.service(HttpServlet.java:658)
		at org.apache.catalina.core.ApplicationFilterChain.internalDoFilter(ApplicationFilterChain.java:195)
		at org.apache.catalina.core.ApplicationFilterChain.doFilter(ApplicationFilterChain.java:140)
		at org.apache.tomcat.websocket.server.WsFilter.doFilter(WsFilter.java:51)
		at org.apache.catalina.core.ApplicationFilterChain.internalDoFilter(ApplicationFilterChain.java:164)
		at org.apache.catalina.core.ApplicationFilterChain.doFilter(ApplicationFilterChain.java:140)
		at org.apache.catalina.core.StandardWrapperValve.invoke(StandardWrapperValve.java:167)
		at org.apache.catalina.core.StandardContextValve.invoke(StandardContextValve.java:90)
		at org.apache.catalina.authenticator.AuthenticatorBase.invoke(AuthenticatorBase.java:483)
		at org.apache.catalina.core.StandardHostValve.invoke(StandardHostValve.java:116)
		at org.apache.catalina.valves.ErrorReportValve.invoke(ErrorReportValve.java:93)
		at org.apache.catalina.valves.AbstractAccessLogValve.invoke(AbstractAccessLogValve.java:666)
		at org.apache.catalina.core.StandardEngineValve.invoke(StandardEngineValve.java:74)
		at org.apache.catalina.connector.CoyoteAdapter.service(CoyoteAdapter.java:344)
		at org.apache.coyote.http11.Http11Processor.service(Http11Processor.java:398)
		at org.apache.coyote.AbstractProcessorLight.process(AbstractProcessorLight.java:63)
		at org.apache.coyote.AbstractProtocol$ConnectionHandler.process(AbstractProtocol.java:903)
		at org.apache.tomcat.util.net.NioEndpoint$SocketProcessor.doRun(NioEndpoint.java:1740)
		at org.apache.tomcat.util.net.SocketProcessorBase.run(SocketProcessorBase.java:52)
		at org.apache.tomcat.util.threads.ThreadPoolExecutor.runWorker(ThreadPoolExecutor.java:1189)
		at org.apache.tomcat.util.threads.ThreadPoolExecutor$Worker.run(ThreadPoolExecutor.java:658)
		at org.apache.tomcat.util.threads.TaskThread$WrappingRunnable.run(TaskThread.java:63)
		at java.base/java.lang.Thread.run(Thread.java:842)
15-Jun-2025 19:00:30.847 SEVERE [http-nio-8080-exec-20] org.apache.catalina.core.StandardWrapperValve.invoke Servlet.service() for servlet [jsp] in context with path [] threw exception [Unable to compile class for JSP: 

An error occurred at line: [8] in the jsp file: [/deletestudent.jsp]
Syntax error, insert ";" to complete Statement
5: <%
6:     EmployeeDao.deleteEmployee(e.getId());
7:     
8:     response.sendRedirect("employeelist.jsp")
9: %>


Stacktrace:] with root cause
	org.apache.jasper.JasperException: Unable to compile class for JSP: 

An error occurred at line: [8] in the jsp file: [/deletestudent.jsp]
Syntax error, insert ";" to complete Statement
5: <%
6:     EmployeeDao.deleteEmployee(e.getId());
7:     
8:     response.sendRedirect("employeelist.jsp")
9: %>


Stacktrace:
		at org.apache.jasper.compiler.DefaultErrorHandler.javacError(DefaultErrorHandler.java:72)
		at org.apache.jasper.compiler.ErrorDispatcher.javacError(ErrorDispatcher.java:192)
		at org.apache.jasper.compiler.JDTCompiler.generateClass(JDTCompiler.java:555)
		at org.apache.jasper.compiler.Compiler.compile(Compiler.java:374)
		at org.apache.jasper.compiler.Compiler.compile(Compiler.java:346)
		at org.apache.jasper.compiler.Compiler.compile(Compiler.java:332)
		at org.apache.jasper.JspCompilationContext.compile(JspCompilationContext.java:592)
		at org.apache.jasper.servlet.JspServletWrapper.service(JspServletWrapper.java:376)
		at org.apache.jasper.servlet.JspServlet.serviceJspFile(JspServlet.java:357)
		at org.apache.jasper.servlet.JspServlet.service(JspServlet.java:308)
		at jakarta.servlet.http.HttpServlet.service(HttpServlet.java:658)
		at org.apache.catalina.core.ApplicationFilterChain.internalDoFilter(ApplicationFilterChain.java:195)
		at org.apache.catalina.core.ApplicationFilterChain.doFilter(ApplicationFilterChain.java:140)
		at org.apache.tomcat.websocket.server.WsFilter.doFilter(WsFilter.java:51)
		at org.apache.catalina.core.ApplicationFilterChain.internalDoFilter(ApplicationFilterChain.java:164)
		at org.apache.catalina.core.ApplicationFilterChain.doFilter(ApplicationFilterChain.java:140)
		at org.apache.catalina.core.StandardWrapperValve.invoke(StandardWrapperValve.java:167)
		at org.apache.catalina.core.StandardContextValve.invoke(StandardContextValve.java:90)
		at org.apache.catalina.authenticator.AuthenticatorBase.invoke(AuthenticatorBase.java:483)
		at org.apache.catalina.core.StandardHostValve.invoke(StandardHostValve.java:116)
		at org.apache.catalina.valves.ErrorReportValve.invoke(ErrorReportValve.java:93)
		at org.apache.catalina.valves.AbstractAccessLogValve.invoke(AbstractAccessLogValve.java:666)
		at org.apache.catalina.core.StandardEngineValve.invoke(StandardEngineValve.java:74)
		at org.apache.catalina.connector.CoyoteAdapter.service(CoyoteAdapter.java:344)
		at org.apache.coyote.http11.Http11Processor.service(Http11Processor.java:398)
		at org.apache.coyote.AbstractProcessorLight.process(AbstractProcessorLight.java:63)
		at org.apache.coyote.AbstractProtocol$ConnectionHandler.process(AbstractProtocol.java:903)
		at org.apache.tomcat.util.net.NioEndpoint$SocketProcessor.doRun(NioEndpoint.java:1740)
		at org.apache.tomcat.util.net.SocketProcessorBase.run(SocketProcessorBase.java:52)
		at org.apache.tomcat.util.threads.ThreadPoolExecutor.runWorker(ThreadPoolExecutor.java:1189)
		at org.apache.tomcat.util.threads.ThreadPoolExecutor$Worker.run(ThreadPoolExecutor.java:658)
		at org.apache.tomcat.util.threads.TaskThread$WrappingRunnable.run(TaskThread.java:63)
		at java.base/java.lang.Thread.run(Thread.java:842)
15-Jun-2025 19:00:45.220 SEVERE [http-nio-8080-exec-17] org.apache.catalina.core.StandardWrapperValve.invoke Servlet.service() for servlet [jsp] in context with path [] threw exception [Unable to compile class for JSP: 

An error occurred at line: [8] in the jsp file: [/deletestudent.jsp]
Syntax error, insert ";" to complete Statement
5: <%
6:     EmployeeDao.deleteEmployee(e.getId());
7:     
8:     response.sendRedirect("employeelist.jsp")
9: %>


Stacktrace:] with root cause
	org.apache.jasper.JasperException: Unable to compile class for JSP: 

An error occurred at line: [8] in the jsp file: [/deletestudent.jsp]
Syntax error, insert ";" to complete Statement
5: <%
6:     EmployeeDao.deleteEmployee(e.getId());
7:     
8:     response.sendRedirect("employeelist.jsp")
9: %>


Stacktrace:
		at org.apache.jasper.compiler.DefaultErrorHandler.javacError(DefaultErrorHandler.java:72)
		at org.apache.jasper.compiler.ErrorDispatcher.javacError(ErrorDispatcher.java:192)
		at org.apache.jasper.compiler.JDTCompiler.generateClass(JDTCompiler.java:555)
		at org.apache.jasper.compiler.Compiler.compile(Compiler.java:374)
		at org.apache.jasper.compiler.Compiler.compile(Compiler.java:346)
		at org.apache.jasper.compiler.Compiler.compile(Compiler.java:332)
		at org.apache.jasper.JspCompilationContext.compile(JspCompilationContext.java:592)
		at org.apache.jasper.servlet.JspServletWrapper.service(JspServletWrapper.java:376)
		at org.apache.jasper.servlet.JspServlet.serviceJspFile(JspServlet.java:357)
		at org.apache.jasper.servlet.JspServlet.service(JspServlet.java:308)
		at jakarta.servlet.http.HttpServlet.service(HttpServlet.java:658)
		at org.apache.catalina.core.ApplicationFilterChain.internalDoFilter(ApplicationFilterChain.java:195)
		at org.apache.catalina.core.ApplicationFilterChain.doFilter(ApplicationFilterChain.java:140)
		at org.apache.tomcat.websocket.server.WsFilter.doFilter(WsFilter.java:51)
		at org.apache.catalina.core.ApplicationFilterChain.internalDoFilter(ApplicationFilterChain.java:164)
		at org.apache.catalina.core.ApplicationFilterChain.doFilter(ApplicationFilterChain.java:140)
		at org.apache.catalina.core.StandardWrapperValve.invoke(StandardWrapperValve.java:167)
		at org.apache.catalina.core.StandardContextValve.invoke(StandardContextValve.java:90)
		at org.apache.catalina.authenticator.AuthenticatorBase.invoke(AuthenticatorBase.java:483)
		at org.apache.catalina.core.StandardHostValve.invoke(StandardHostValve.java:116)
		at org.apache.catalina.valves.ErrorReportValve.invoke(ErrorReportValve.java:93)
		at org.apache.catalina.valves.AbstractAccessLogValve.invoke(AbstractAccessLogValve.java:666)
		at org.apache.catalina.core.StandardEngineValve.invoke(StandardEngineValve.java:74)
		at org.apache.catalina.connector.CoyoteAdapter.service(CoyoteAdapter.java:344)
		at org.apache.coyote.http11.Http11Processor.service(Http11Processor.java:398)
		at org.apache.coyote.AbstractProcessorLight.process(AbstractProcessorLight.java:63)
		at org.apache.coyote.AbstractProtocol$ConnectionHandler.process(AbstractProtocol.java:903)
		at org.apache.tomcat.util.net.NioEndpoint$SocketProcessor.doRun(NioEndpoint.java:1740)
		at org.apache.tomcat.util.net.SocketProcessorBase.run(SocketProcessorBase.java:52)
		at org.apache.tomcat.util.threads.ThreadPoolExecutor.runWorker(ThreadPoolExecutor.java:1189)
		at org.apache.tomcat.util.threads.ThreadPoolExecutor$Worker.run(ThreadPoolExecutor.java:658)
		at org.apache.tomcat.util.threads.TaskThread$WrappingRunnable.run(TaskThread.java:63)
		at java.base/java.lang.Thread.run(Thread.java:842)
15-Jun-2025 19:01:05.750 SEVERE [http-nio-8080-exec-15] org.apache.catalina.core.StandardWrapperValve.invoke Servlet.service() for servlet [jsp] in context with path [] threw exception [Unable to compile class for JSP: 

An error occurred at line: [8] in the jsp file: [/deletestudent.jsp]
Syntax error, insert ";" to complete Statement
5: <%
6:     EmployeeDao.deleteEmployee(e.getId());
7:     
8:     response.sendRedirect("employeelist.jsp")
9: %>


Stacktrace:] with root cause
	org.apache.jasper.JasperException: Unable to compile class for JSP: 

An error occurred at line: [8] in the jsp file: [/deletestudent.jsp]
Syntax error, insert ";" to complete Statement
5: <%
6:     EmployeeDao.deleteEmployee(e.getId());
7:     
8:     response.sendRedirect("employeelist.jsp")
9: %>


Stacktrace:
		at org.apache.jasper.compiler.DefaultErrorHandler.javacError(DefaultErrorHandler.java:72)
		at org.apache.jasper.compiler.ErrorDispatcher.javacError(ErrorDispatcher.java:192)
		at org.apache.jasper.compiler.JDTCompiler.generateClass(JDTCompiler.java:555)
		at org.apache.jasper.compiler.Compiler.compile(Compiler.java:374)
		at org.apache.jasper.compiler.Compiler.compile(Compiler.java:346)
		at org.apache.jasper.compiler.Compiler.compile(Compiler.java:332)
		at org.apache.jasper.JspCompilationContext.compile(JspCompilationContext.java:592)
		at org.apache.jasper.servlet.JspServletWrapper.service(JspServletWrapper.java:376)
		at org.apache.jasper.servlet.JspServlet.serviceJspFile(JspServlet.java:357)
		at org.apache.jasper.servlet.JspServlet.service(JspServlet.java:308)
		at jakarta.servlet.http.HttpServlet.service(HttpServlet.java:658)
		at org.apache.catalina.core.ApplicationFilterChain.internalDoFilter(ApplicationFilterChain.java:195)
		at org.apache.catalina.core.ApplicationFilterChain.doFilter(ApplicationFilterChain.java:140)
		at org.apache.tomcat.websocket.server.WsFilter.doFilter(WsFilter.java:51)
		at org.apache.catalina.core.ApplicationFilterChain.internalDoFilter(ApplicationFilterChain.java:164)
		at org.apache.catalina.core.ApplicationFilterChain.doFilter(ApplicationFilterChain.java:140)
		at org.apache.catalina.core.StandardWrapperValve.invoke(StandardWrapperValve.java:167)
		at org.apache.catalina.core.StandardContextValve.invoke(StandardContextValve.java:90)
		at org.apache.catalina.authenticator.AuthenticatorBase.invoke(AuthenticatorBase.java:483)
		at org.apache.catalina.core.StandardHostValve.invoke(StandardHostValve.java:116)
		at org.apache.catalina.valves.ErrorReportValve.invoke(ErrorReportValve.java:93)
		at org.apache.catalina.valves.AbstractAccessLogValve.invoke(AbstractAccessLogValve.java:666)
		at org.apache.catalina.core.StandardEngineValve.invoke(StandardEngineValve.java:74)
		at org.apache.catalina.connector.CoyoteAdapter.service(CoyoteAdapter.java:344)
		at org.apache.coyote.http11.Http11Processor.service(Http11Processor.java:398)
		at org.apache.coyote.AbstractProcessorLight.process(AbstractProcessorLight.java:63)
		at org.apache.coyote.AbstractProtocol$ConnectionHandler.process(AbstractProtocol.java:903)
		at org.apache.tomcat.util.net.NioEndpoint$SocketProcessor.doRun(NioEndpoint.java:1740)
		at org.apache.tomcat.util.net.SocketProcessorBase.run(SocketProcessorBase.java:52)
		at org.apache.tomcat.util.threads.ThreadPoolExecutor.runWorker(ThreadPoolExecutor.java:1189)
		at org.apache.tomcat.util.threads.ThreadPoolExecutor$Worker.run(ThreadPoolExecutor.java:658)
		at org.apache.tomcat.util.threads.TaskThread$WrappingRunnable.run(TaskThread.java:63)
		at java.base/java.lang.Thread.run(Thread.java:842)
15-Jun-2025 19:03:23.037 SEVERE [http-nio-8080-exec-24] org.apache.catalina.core.StandardWrapperValve.invoke Servlet.service() for servlet [jsp] in context with path [] threw exception [Unable to compile class for JSP: 

An error occurred at line: [8] in the jsp file: [/deletestudent.jsp]
Syntax error, insert ";" to complete Statement
5: <%
6:     EmployeeDao.deleteEmployee(e.getId());
7:     
8:     response.sendRedirect("employeelist.jsp")
9: %>


Stacktrace:] with root cause
	org.apache.jasper.JasperException: Unable to compile class for JSP: 

An error occurred at line: [8] in the jsp file: [/deletestudent.jsp]
Syntax error, insert ";" to complete Statement
5: <%
6:     EmployeeDao.deleteEmployee(e.getId());
7:     
8:     response.sendRedirect("employeelist.jsp")
9: %>


Stacktrace:
		at org.apache.jasper.compiler.DefaultErrorHandler.javacError(DefaultErrorHandler.java:72)
		at org.apache.jasper.compiler.ErrorDispatcher.javacError(ErrorDispatcher.java:192)
		at org.apache.jasper.compiler.JDTCompiler.generateClass(JDTCompiler.java:555)
		at org.apache.jasper.compiler.Compiler.compile(Compiler.java:374)
		at org.apache.jasper.compiler.Compiler.compile(Compiler.java:346)
		at org.apache.jasper.compiler.Compiler.compile(Compiler.java:332)
		at org.apache.jasper.JspCompilationContext.compile(JspCompilationContext.java:592)
		at org.apache.jasper.servlet.JspServletWrapper.service(JspServletWrapper.java:376)
		at org.apache.jasper.servlet.JspServlet.serviceJspFile(JspServlet.java:357)
		at org.apache.jasper.servlet.JspServlet.service(JspServlet.java:308)
		at jakarta.servlet.http.HttpServlet.service(HttpServlet.java:658)
		at org.apache.catalina.core.ApplicationFilterChain.internalDoFilter(ApplicationFilterChain.java:195)
		at org.apache.catalina.core.ApplicationFilterChain.doFilter(ApplicationFilterChain.java:140)
		at org.apache.tomcat.websocket.server.WsFilter.doFilter(WsFilter.java:51)
		at org.apache.catalina.core.ApplicationFilterChain.internalDoFilter(ApplicationFilterChain.java:164)
		at org.apache.catalina.core.ApplicationFilterChain.doFilter(ApplicationFilterChain.java:140)
		at org.apache.catalina.core.StandardWrapperValve.invoke(StandardWrapperValve.java:167)
		at org.apache.catalina.core.StandardContextValve.invoke(StandardContextValve.java:90)
		at org.apache.catalina.authenticator.AuthenticatorBase.invoke(AuthenticatorBase.java:483)
		at org.apache.catalina.core.StandardHostValve.invoke(StandardHostValve.java:116)
		at org.apache.catalina.valves.ErrorReportValve.invoke(ErrorReportValve.java:93)
		at org.apache.catalina.valves.AbstractAccessLogValve.invoke(AbstractAccessLogValve.java:666)
		at org.apache.catalina.core.StandardEngineValve.invoke(StandardEngineValve.java:74)
		at org.apache.catalina.connector.CoyoteAdapter.service(CoyoteAdapter.java:344)
		at org.apache.coyote.http11.Http11Processor.service(Http11Processor.java:398)
		at org.apache.coyote.AbstractProcessorLight.process(AbstractProcessorLight.java:63)
		at org.apache.coyote.AbstractProtocol$ConnectionHandler.process(AbstractProtocol.java:903)
		at org.apache.tomcat.util.net.NioEndpoint$SocketProcessor.doRun(NioEndpoint.java:1740)
		at org.apache.tomcat.util.net.SocketProcessorBase.run(SocketProcessorBase.java:52)
		at org.apache.tomcat.util.threads.ThreadPoolExecutor.runWorker(ThreadPoolExecutor.java:1189)
		at org.apache.tomcat.util.threads.ThreadPoolExecutor$Worker.run(ThreadPoolExecutor.java:658)
		at org.apache.tomcat.util.threads.TaskThread$WrappingRunnable.run(TaskThread.java:63)
		at java.base/java.lang.Thread.run(Thread.java:842)
15-Jun-2025 19:04:10.912 SEVERE [http-nio-8080-exec-33] org.apache.catalina.core.StandardWrapperValve.invoke Servlet.service() for servlet [jsp] in context with path [] threw exception [Unable to compile class for JSP: 

An error occurred at line: [8] in the jsp file: [/deletestudent.jsp]
Syntax error, insert ";" to complete Statement
5: <%
6:     EmployeeDao.deleteEmployee(e.getId());
7:     
8:     response.sendRedirect("employeelist.jsp")
9: %>


Stacktrace:] with root cause
	org.apache.jasper.JasperException: Unable to compile class for JSP: 

An error occurred at line: [8] in the jsp file: [/deletestudent.jsp]
Syntax error, insert ";" to complete Statement
5: <%
6:     EmployeeDao.deleteEmployee(e.getId());
7:     
8:     response.sendRedirect("employeelist.jsp")
9: %>


Stacktrace:
		at org.apache.jasper.compiler.DefaultErrorHandler.javacError(DefaultErrorHandler.java:72)
		at org.apache.jasper.compiler.ErrorDispatcher.javacError(ErrorDispatcher.java:192)
		at org.apache.jasper.compiler.JDTCompiler.generateClass(JDTCompiler.java:555)
		at org.apache.jasper.compiler.Compiler.compile(Compiler.java:374)
		at org.apache.jasper.compiler.Compiler.compile(Compiler.java:346)
		at org.apache.jasper.compiler.Compiler.compile(Compiler.java:332)
		at org.apache.jasper.JspCompilationContext.compile(JspCompilationContext.java:592)
		at org.apache.jasper.servlet.JspServletWrapper.service(JspServletWrapper.java:376)
		at org.apache.jasper.servlet.JspServlet.serviceJspFile(JspServlet.java:357)
		at org.apache.jasper.servlet.JspServlet.service(JspServlet.java:308)
		at jakarta.servlet.http.HttpServlet.service(HttpServlet.java:658)
		at org.apache.catalina.core.ApplicationFilterChain.internalDoFilter(ApplicationFilterChain.java:195)
		at org.apache.catalina.core.ApplicationFilterChain.doFilter(ApplicationFilterChain.java:140)
		at org.apache.tomcat.websocket.server.WsFilter.doFilter(WsFilter.java:51)
		at org.apache.catalina.core.ApplicationFilterChain.internalDoFilter(ApplicationFilterChain.java:164)
		at org.apache.catalina.core.ApplicationFilterChain.doFilter(ApplicationFilterChain.java:140)
		at org.apache.catalina.core.StandardWrapperValve.invoke(StandardWrapperValve.java:167)
		at org.apache.catalina.core.StandardContextValve.invoke(StandardContextValve.java:90)
		at org.apache.catalina.authenticator.AuthenticatorBase.invoke(AuthenticatorBase.java:483)
		at org.apache.catalina.core.StandardHostValve.invoke(StandardHostValve.java:116)
		at org.apache.catalina.valves.ErrorReportValve.invoke(ErrorReportValve.java:93)
		at org.apache.catalina.valves.AbstractAccessLogValve.invoke(AbstractAccessLogValve.java:666)
		at org.apache.catalina.core.StandardEngineValve.invoke(StandardEngineValve.java:74)
		at org.apache.catalina.connector.CoyoteAdapter.service(CoyoteAdapter.java:344)
		at org.apache.coyote.http11.Http11Processor.service(Http11Processor.java:398)
		at org.apache.coyote.AbstractProcessorLight.process(AbstractProcessorLight.java:63)
		at org.apache.coyote.AbstractProtocol$ConnectionHandler.process(AbstractProtocol.java:903)
		at org.apache.tomcat.util.net.NioEndpoint$SocketProcessor.doRun(NioEndpoint.java:1740)
		at org.apache.tomcat.util.net.SocketProcessorBase.run(SocketProcessorBase.java:52)
		at org.apache.tomcat.util.threads.ThreadPoolExecutor.runWorker(ThreadPoolExecutor.java:1189)
		at org.apache.tomcat.util.threads.ThreadPoolExecutor$Worker.run(ThreadPoolExecutor.java:658)
		at org.apache.tomcat.util.threads.TaskThread$WrappingRunnable.run(TaskThread.java:63)
		at java.base/java.lang.Thread.run(Thread.java:842)
15-Jun-2025 19:06:06.549 SEVERE [http-nio-8080-exec-34] org.apache.catalina.core.StandardWrapperValve.invoke Servlet.service() for servlet [jsp] in context with path [] threw exception [Unable to compile class for JSP: 

An error occurred at line: [8] in the jsp file: [/deletestudent.jsp]
Syntax error, insert ";" to complete Statement
5: <%
6:     EmployeeDao.deleteEmployee(e.getId());
7:     
8:     response.sendRedirect("employeelist.jsp")
9: %>


Stacktrace:] with root cause
	org.apache.jasper.JasperException: Unable to compile class for JSP: 

An error occurred at line: [8] in the jsp file: [/deletestudent.jsp]
Syntax error, insert ";" to complete Statement
5: <%
6:     EmployeeDao.deleteEmployee(e.getId());
7:     
8:     response.sendRedirect("employeelist.jsp")
9: %>


Stacktrace:
		at org.apache.jasper.compiler.DefaultErrorHandler.javacError(DefaultErrorHandler.java:72)
		at org.apache.jasper.compiler.ErrorDispatcher.javacError(ErrorDispatcher.java:192)
		at org.apache.jasper.compiler.JDTCompiler.generateClass(JDTCompiler.java:555)
		at org.apache.jasper.compiler.Compiler.compile(Compiler.java:374)
		at org.apache.jasper.compiler.Compiler.compile(Compiler.java:346)
		at org.apache.jasper.compiler.Compiler.compile(Compiler.java:332)
		at org.apache.jasper.JspCompilationContext.compile(JspCompilationContext.java:592)
		at org.apache.jasper.servlet.JspServletWrapper.service(JspServletWrapper.java:376)
		at org.apache.jasper.servlet.JspServlet.serviceJspFile(JspServlet.java:357)
		at org.apache.jasper.servlet.JspServlet.service(JspServlet.java:308)
		at jakarta.servlet.http.HttpServlet.service(HttpServlet.java:658)
		at org.apache.catalina.core.ApplicationFilterChain.internalDoFilter(ApplicationFilterChain.java:195)
		at org.apache.catalina.core.ApplicationFilterChain.doFilter(ApplicationFilterChain.java:140)
		at org.apache.tomcat.websocket.server.WsFilter.doFilter(WsFilter.java:51)
		at org.apache.catalina.core.ApplicationFilterChain.internalDoFilter(ApplicationFilterChain.java:164)
		at org.apache.catalina.core.ApplicationFilterChain.doFilter(ApplicationFilterChain.java:140)
		at org.apache.catalina.core.StandardWrapperValve.invoke(StandardWrapperValve.java:167)
		at org.apache.catalina.core.StandardContextValve.invoke(StandardContextValve.java:90)
		at org.apache.catalina.authenticator.AuthenticatorBase.invoke(AuthenticatorBase.java:483)
		at org.apache.catalina.core.StandardHostValve.invoke(StandardHostValve.java:116)
		at org.apache.catalina.valves.ErrorReportValve.invoke(ErrorReportValve.java:93)
		at org.apache.catalina.valves.AbstractAccessLogValve.invoke(AbstractAccessLogValve.java:666)
		at org.apache.catalina.core.StandardEngineValve.invoke(StandardEngineValve.java:74)
		at org.apache.catalina.connector.CoyoteAdapter.service(CoyoteAdapter.java:344)
		at org.apache.coyote.http11.Http11Processor.service(Http11Processor.java:398)
		at org.apache.coyote.AbstractProcessorLight.process(AbstractProcessorLight.java:63)
		at org.apache.coyote.AbstractProtocol$ConnectionHandler.process(AbstractProtocol.java:903)
		at org.apache.tomcat.util.net.NioEndpoint$SocketProcessor.doRun(NioEndpoint.java:1740)
		at org.apache.tomcat.util.net.SocketProcessorBase.run(SocketProcessorBase.java:52)
		at org.apache.tomcat.util.threads.ThreadPoolExecutor.runWorker(ThreadPoolExecutor.java:1189)
		at org.apache.tomcat.util.threads.ThreadPoolExecutor$Worker.run(ThreadPoolExecutor.java:658)
		at org.apache.tomcat.util.threads.TaskThread$WrappingRunnable.run(TaskThread.java:63)
		at java.base/java.lang.Thread.run(Thread.java:842)
15-Jun-2025 19:07:38.163 INFO [main] org.apache.catalina.core.ApplicationContext.log SessionListener: contextDestroyed()
15-Jun-2025 19:07:38.163 INFO [main] org.apache.catalina.core.ApplicationContext.log ContextListener: contextDestroyed()
