03-Jul-2025 15:00:54.135 INFO [main] org.apache.catalina.core.ApplicationContext.log ContextListener: contextInitialized()
03-Jul-2025 15:00:54.135 INFO [main] org.apache.catalina.core.ApplicationContext.log SessionListener: contextInitialized()
03-Jul-2025 15:00:54.139 INFO [main] org.apache.catalina.core.ApplicationContext.log ContextListener: attributeAdded('StockTicker', 'async.Stockticker@71ed560f')
03-Jul-2025 15:52:51.859 SEVERE [http-nio-8080-exec-2] org.apache.catalina.core.StandardWrapperValve.invoke Servlet.service() for servlet [jsp] in context with path [] threw exception [Unable to compile class for JSP: 

An error occurred at line: [25] in the jsp file: [/addemployee.jsp]
e cannot be resolved
22:                                 <div class="mb-3">
23:                                     <label for="designation" class="form-label">Designation</label>
24:                                     <select name="designation" class="form-select" id="designation">
25:                                         <option value="CEO" <%= "CEO".equals(e.getDesignation()) ? "selected" : "" %>>CEO</option>
26:                                         <option value="Project Manager" <%= "Project Manager".equals(e.getDesignation()) ? "selected" : "" %>>Project Manager</option>
27:                                         <option value="Senior Software Developer" <%= "Senior Software Developer".equals(e.getDesignation()) ? "selected" : "" %>>Senior Software Developer</option>
28:                                         <option value="Junior Software Developer" <%= "Junior Software Developer".equals(e.getDesignation()) ? "selected" : "" %>>Junior Software Developer</option>


An error occurred at line: [26] in the jsp file: [/addemployee.jsp]
e cannot be resolved
23:                                     <label for="designation" class="form-label">Designation</label>
24:                                     <select name="designation" class="form-select" id="designation">
25:                                         <option value="CEO" <%= "CEO".equals(e.getDesignation()) ? "selected" : "" %>>CEO</option>
26:                                         <option value="Project Manager" <%= "Project Manager".equals(e.getDesignation()) ? "selected" : "" %>>Project Manager</option>
27:                                         <option value="Senior Software Developer" <%= "Senior Software Developer".equals(e.getDesignation()) ? "selected" : "" %>>Senior Software Developer</option>
28:                                         <option value="Junior Software Developer" <%= "Junior Software Developer".equals(e.getDesignation()) ? "selected" : "" %>>Junior Software Developer</option>
29:                                         <option value="Intern Software Developer" <%= "Intern Software Developer".equals(e.getDesignation()) ? "selected" : "" %>>Intern Software Developer</option>


An error occurred at line: [27] in the jsp file: [/addemployee.jsp]
e cannot be resolved
24:                                     <select name="designation" class="form-select" id="designation">
25:                                         <option value="CEO" <%= "CEO".equals(e.getDesignation()) ? "selected" : "" %>>CEO</option>
26:                                         <option value="Project Manager" <%= "Project Manager".equals(e.getDesignation()) ? "selected" : "" %>>Project Manager</option>
27:                                         <option value="Senior Software Developer" <%= "Senior Software Developer".equals(e.getDesignation()) ? "selected" : "" %>>Senior Software Developer</option>
28:                                         <option value="Junior Software Developer" <%= "Junior Software Developer".equals(e.getDesignation()) ? "selected" : "" %>>Junior Software Developer</option>
29:                                         <option value="Intern Software Developer" <%= "Intern Software Developer".equals(e.getDesignation()) ? "selected" : "" %>>Intern Software Developer</option>
30:                                     </select>


An error occurred at line: [28] in the jsp file: [/addemployee.jsp]
e cannot be resolved
25:                                         <option value="CEO" <%= "CEO".equals(e.getDesignation()) ? "selected" : "" %>>CEO</option>
26:                                         <option value="Project Manager" <%= "Project Manager".equals(e.getDesignation()) ? "selected" : "" %>>Project Manager</option>
27:                                         <option value="Senior Software Developer" <%= "Senior Software Developer".equals(e.getDesignation()) ? "selected" : "" %>>Senior Software Developer</option>
28:                                         <option value="Junior Software Developer" <%= "Junior Software Developer".equals(e.getDesignation()) ? "selected" : "" %>>Junior Software Developer</option>
29:                                         <option value="Intern Software Developer" <%= "Intern Software Developer".equals(e.getDesignation()) ? "selected" : "" %>>Intern Software Developer</option>
30:                                     </select>
31:                                 </div>


An error occurred at line: [29] in the jsp file: [/addemployee.jsp]
e cannot be resolved
26:                                         <option value="Project Manager" <%= "Project Manager".equals(e.getDesignation()) ? "selected" : "" %>>Project Manager</option>
27:                                         <option value="Senior Software Developer" <%= "Senior Software Developer".equals(e.getDesignation()) ? "selected" : "" %>>Senior Software Developer</option>
28:                                         <option value="Junior Software Developer" <%= "Junior Software Developer".equals(e.getDesignation()) ? "selected" : "" %>>Junior Software Developer</option>
29:                                         <option value="Intern Software Developer" <%= "Intern Software Developer".equals(e.getDesignation()) ? "selected" : "" %>>Intern Software Developer</option>
30:                                     </select>
31:                                 </div>
32: 


Stacktrace:] with root cause
	org.apache.jasper.JasperException: Unable to compile class for JSP: 

An error occurred at line: [25] in the jsp file: [/addemployee.jsp]
e cannot be resolved
22:                                 <div class="mb-3">
23:                                     <label for="designation" class="form-label">Designation</label>
24:                                     <select name="designation" class="form-select" id="designation">
25:                                         <option value="CEO" <%= "CEO".equals(e.getDesignation()) ? "selected" : "" %>>CEO</option>
26:                                         <option value="Project Manager" <%= "Project Manager".equals(e.getDesignation()) ? "selected" : "" %>>Project Manager</option>
27:                                         <option value="Senior Software Developer" <%= "Senior Software Developer".equals(e.getDesignation()) ? "selected" : "" %>>Senior Software Developer</option>
28:                                         <option value="Junior Software Developer" <%= "Junior Software Developer".equals(e.getDesignation()) ? "selected" : "" %>>Junior Software Developer</option>


An error occurred at line: [26] in the jsp file: [/addemployee.jsp]
e cannot be resolved
23:                                     <label for="designation" class="form-label">Designation</label>
24:                                     <select name="designation" class="form-select" id="designation">
25:                                         <option value="CEO" <%= "CEO".equals(e.getDesignation()) ? "selected" : "" %>>CEO</option>
26:                                         <option value="Project Manager" <%= "Project Manager".equals(e.getDesignation()) ? "selected" : "" %>>Project Manager</option>
27:                                         <option value="Senior Software Developer" <%= "Senior Software Developer".equals(e.getDesignation()) ? "selected" : "" %>>Senior Software Developer</option>
28:                                         <option value="Junior Software Developer" <%= "Junior Software Developer".equals(e.getDesignation()) ? "selected" : "" %>>Junior Software Developer</option>
29:                                         <option value="Intern Software Developer" <%= "Intern Software Developer".equals(e.getDesignation()) ? "selected" : "" %>>Intern Software Developer</option>


An error occurred at line: [27] in the jsp file: [/addemployee.jsp]
e cannot be resolved
24:                                     <select name="designation" class="form-select" id="designation">
25:                                         <option value="CEO" <%= "CEO".equals(e.getDesignation()) ? "selected" : "" %>>CEO</option>
26:                                         <option value="Project Manager" <%= "Project Manager".equals(e.getDesignation()) ? "selected" : "" %>>Project Manager</option>
27:                                         <option value="Senior Software Developer" <%= "Senior Software Developer".equals(e.getDesignation()) ? "selected" : "" %>>Senior Software Developer</option>
28:                                         <option value="Junior Software Developer" <%= "Junior Software Developer".equals(e.getDesignation()) ? "selected" : "" %>>Junior Software Developer</option>
29:                                         <option value="Intern Software Developer" <%= "Intern Software Developer".equals(e.getDesignation()) ? "selected" : "" %>>Intern Software Developer</option>
30:                                     </select>


An error occurred at line: [28] in the jsp file: [/addemployee.jsp]
e cannot be resolved
25:                                         <option value="CEO" <%= "CEO".equals(e.getDesignation()) ? "selected" : "" %>>CEO</option>
26:                                         <option value="Project Manager" <%= "Project Manager".equals(e.getDesignation()) ? "selected" : "" %>>Project Manager</option>
27:                                         <option value="Senior Software Developer" <%= "Senior Software Developer".equals(e.getDesignation()) ? "selected" : "" %>>Senior Software Developer</option>
28:                                         <option value="Junior Software Developer" <%= "Junior Software Developer".equals(e.getDesignation()) ? "selected" : "" %>>Junior Software Developer</option>
29:                                         <option value="Intern Software Developer" <%= "Intern Software Developer".equals(e.getDesignation()) ? "selected" : "" %>>Intern Software Developer</option>
30:                                     </select>
31:                                 </div>


An error occurred at line: [29] in the jsp file: [/addemployee.jsp]
e cannot be resolved
26:                                         <option value="Project Manager" <%= "Project Manager".equals(e.getDesignation()) ? "selected" : "" %>>Project Manager</option>
27:                                         <option value="Senior Software Developer" <%= "Senior Software Developer".equals(e.getDesignation()) ? "selected" : "" %>>Senior Software Developer</option>
28:                                         <option value="Junior Software Developer" <%= "Junior Software Developer".equals(e.getDesignation()) ? "selected" : "" %>>Junior Software Developer</option>
29:                                         <option value="Intern Software Developer" <%= "Intern Software Developer".equals(e.getDesignation()) ? "selected" : "" %>>Intern Software Developer</option>
30:                                     </select>
31:                                 </div>
32: 


Stacktrace:
		at org.apache.jasper.compiler.DefaultErrorHandler.javacError(DefaultErrorHandler.java:72)
		at org.apache.jasper.compiler.ErrorDispatcher.javacError(ErrorDispatcher.java:192)
		at org.apache.jasper.compiler.JDTCompiler.generateClass(JDTCompiler.java:555)
		at org.apache.jasper.compiler.Compiler.compile(Compiler.java:374)
		at org.apache.jasper.compiler.Compiler.compile(Compiler.java:346)
		at org.apache.jasper.compiler.Compiler.compile(Compiler.java:332)
		at org.apache.jasper.JspCompilationContext.compile(JspCompilationContext.java:592)
		at org.apache.jasper.servlet.JspServletWrapper.service(JspServletWrapper.java:376)
		at org.apache.jasper.servlet.JspServlet.serviceJspFile(JspServlet.java:357)
		at org.apache.jasper.servlet.JspServlet.service(JspServlet.java:308)
		at jakarta.servlet.http.HttpServlet.service(HttpServlet.java:658)
		at org.apache.catalina.core.ApplicationFilterChain.internalDoFilter(ApplicationFilterChain.java:195)
		at org.apache.catalina.core.ApplicationFilterChain.doFilter(ApplicationFilterChain.java:140)
		at org.apache.tomcat.websocket.server.WsFilter.doFilter(WsFilter.java:51)
		at org.apache.catalina.core.ApplicationFilterChain.internalDoFilter(ApplicationFilterChain.java:164)
		at org.apache.catalina.core.ApplicationFilterChain.doFilter(ApplicationFilterChain.java:140)
		at org.apache.catalina.core.StandardWrapperValve.invoke(StandardWrapperValve.java:167)
		at org.apache.catalina.core.StandardContextValve.invoke(StandardContextValve.java:90)
		at org.apache.catalina.authenticator.AuthenticatorBase.invoke(AuthenticatorBase.java:483)
		at org.apache.catalina.core.StandardHostValve.invoke(StandardHostValve.java:116)
		at org.apache.catalina.valves.ErrorReportValve.invoke(ErrorReportValve.java:93)
		at org.apache.catalina.valves.AbstractAccessLogValve.invoke(AbstractAccessLogValve.java:666)
		at org.apache.catalina.core.StandardEngineValve.invoke(StandardEngineValve.java:74)
		at org.apache.catalina.connector.CoyoteAdapter.service(CoyoteAdapter.java:344)
		at org.apache.coyote.http11.Http11Processor.service(Http11Processor.java:398)
		at org.apache.coyote.AbstractProcessorLight.process(AbstractProcessorLight.java:63)
		at org.apache.coyote.AbstractProtocol$ConnectionHandler.process(AbstractProtocol.java:903)
		at org.apache.tomcat.util.net.NioEndpoint$SocketProcessor.doRun(NioEndpoint.java:1740)
		at org.apache.tomcat.util.net.SocketProcessorBase.run(SocketProcessorBase.java:52)
		at org.apache.tomcat.util.threads.ThreadPoolExecutor.runWorker(ThreadPoolExecutor.java:1189)
		at org.apache.tomcat.util.threads.ThreadPoolExecutor$Worker.run(ThreadPoolExecutor.java:658)
		at org.apache.tomcat.util.threads.TaskThread$WrappingRunnable.run(TaskThread.java:63)
		at java.base/java.lang.Thread.run(Thread.java:842)
03-Jul-2025 16:00:01.579 INFO [main] org.apache.catalina.core.ApplicationContext.log SessionListener: contextDestroyed()
03-Jul-2025 16:00:01.579 INFO [main] org.apache.catalina.core.ApplicationContext.log ContextListener: contextDestroyed()
